<?xml version="1.0" encoding="utf-8"?>
<TestRun id="e70d4c0f-a404-42b2-a50e-ae8b63536aae" name="@Bence-Linux 2026-04-23 13:34:20" xmlns="http://microsoft.com/schemas/VisualStudio/TeamTest/2010">
  <Times creation="2026-04-23T13:34:20.8744012+02:00" queuing="2026-04-23T13:34:20.8744014+02:00" start="2026-04-23T13:34:17.3703911+02:00" finish="2026-04-23T13:34:39.9383526+02:00" />
  <TestSettings name="default" id="ef17023f-a9c8-4511-a01e-81c447e3f788">
    <Deployment runDeploymentRoot="_Bence-Linux_2026-04-23_13_34_20" />
  </TestSettings>
  <Results>
    <UnitTestResult executionId="eab23a7f-d870-4b6f-b915-f0d50d75d25c" testId="0c139799-3144-dc72-53ad-9bc7e0a886db" testName="Tests.Services.Units.ArticleServiceUnitTests.Update_ShouldSucceed_AndCallRepositoryUpdate" computerName="Bence-Linux" duration="00:00:00.0919330" startTime="2026-04-23T13:34:20.9264149+02:00" endTime="2026-04-23T13:34:20.9264151+02:00" testType="13cdc9d9-ddb5-4fa4-a97d-d965ccfc6d4b" outcome="Passed" testListId="8c84fa94-04c1-424b-9868-57a2d4851a1d" relativeResultsDirectory="eab23a7f-d870-4b6f-b915-f0d50d75d25c" />
    <UnitTestResult executionId="4c885a9e-46a4-4fc4-988c-248907ceb173" testId="2460d9db-d9d5-42cd-83c6-a362f006af7a" testName="Tests.Services.Integrations.GrandPrixServiceIntegrationTests.GetSeasonGrandPrixList_ShouldReturnGrandsPrix_ForCorrectSeriesAndYear" computerName="Bence-Linux" duration="00:00:00.0205484" startTime="2026-04-23T13:34:31.4382145+02:00" endTime="2026-04-23T13:34:31.4382148+02:00" testType="13cdc9d9-ddb5-4fa4-a97d-d965ccfc6d4b" outcome="Passed" testListId="8c84fa94-04c1-424b-9868-57a2d4851a1d" relativeResultsDirectory="4c885a9e-46a4-4fc4-988c-248907ceb173" />
    <UnitTestResult executionId="03d5657e-9657-4446-8827-e989c79eb108" testId="10c4333a-f768-75fb-968d-743dcbae0dfd" testName="Tests.Services.Integrations.ArticleServiceIntegrationTests.CreateArticle_ShouldSetDatePublishedAutomatically" computerName="Bence-Linux" duration="00:00:00.0591025" startTime="2026-04-23T13:34:25.6792375+02:00" endTime="2026-04-23T13:34:25.6792377+02:00" testType="13cdc9d9-ddb5-4fa4-a97d-d965ccfc6d4b" outcome="Passed" testListId="8c84fa94-04c1-424b-9868-57a2d4851a1d" relativeResultsDirectory="03d5657e-9657-4446-8827-e989c79eb108" />
    <UnitTestResult executionId="11edc7c9-0ec8-47ec-9e48-d2ca79ef897c" testId="5ad99dde-dd57-f20e-2cd5-9a36e2b70ae7" testName="Tests.Services.Units.ArticleServiceUnitTests.GetArticleBySlug_ShouldReturnMiddleSections_WhenSummary" computerName="Bence-Linux" duration="00:00:00.0542814" startTime="2026-04-23T13:34:21.1861764+02:00" endTime="2026-04-23T13:34:21.1861766+02:00" testType="13cdc9d9-ddb5-4fa4-a97d-d965ccfc6d4b" outcome="Passed" testListId="8c84fa94-04c1-424b-9868-57a2d4851a1d" relativeResultsDirectory="11edc7c9-0ec8-47ec-9e48-d2ca79ef897c" />
    <UnitTestResult executionId="391e022a-ef9c-40fe-8cc2-99cd634ddfa0" testId="67190ea0-da8a-be76-4bab-27d6ac97ac11" testName="Tests.Services.Units.StandingsServiceUnitTests.GetDriverStandings_ShouldFail_WhenChampionshipNotFound" computerName="Bence-Linux" duration="00:00:00.0077454" startTime="2026-04-23T13:34:26.6763984+02:00" endTime="2026-04-23T13:34:26.6763986+02:00" testType="13cdc9d9-ddb5-4fa4-a97d-d965ccfc6d4b" outcome="Passed" testListId="8c84fa94-04c1-424b-9868-57a2d4851a1d" relativeResultsDirectory="391e022a-ef9c-40fe-8cc2-99cd634ddfa0" />
    <UnitTestResult executionId="b1d6fdbf-0028-4fba-9aba-35aba3e66d94" testId="69ba024c-35ad-555c-47e7-f6eab58c78b9" testName="Tests.Services.Integrations.CommentIntegrationTests.DeleteComment_ShouldDeleteRepliesAsWell" computerName="Bence-Linux" duration="00:00:00.0193572" startTime="2026-04-23T13:34:25.6962764+02:00" endTime="2026-04-23T13:34:25.6962765+02:00" testType="13cdc9d9-ddb5-4fa4-a97d-d965ccfc6d4b" outcome="Passed" testListId="8c84fa94-04c1-424b-9868-57a2d4851a1d" relativeResultsDirectory="b1d6fdbf-0028-4fba-9aba-35aba3e66d94" />
    <UnitTestResult executionId="0a71f66c-c491-4ab5-96dc-7b469a703b94" testId="d3d2d6b3-9b8f-7eab-b80a-98392a9e2352" testName="Tests.Services.Units.ChampionshipServiceUnitTests.UpdateChampionshipStatus_ShouldFail_WhenDriversChampNotFound" computerName="Bence-Linux" duration="00:00:00.0029420" startTime="2026-04-23T13:34:21.5233669+02:00" endTime="2026-04-23T13:34:21.5233671+02:00" testType="13cdc9d9-ddb5-4fa4-a97d-d965ccfc6d4b" outcome="Passed" testListId="8c84fa94-04c1-424b-9868-57a2d4851a1d" relativeResultsDirectory="0a71f66c-c491-4ab5-96dc-7b469a703b94" />
    <UnitTestResult executionId="caea8f26-9e24-4c31-8738-71194c77bf19" testId="00e6b0bf-0f3c-b763-de05-c57f56b3ea7a" testName="Tests.Controllers.BrandsControllerTests.GetAll_ShouldReturnBrands_WhenExist" computerName="Bence-Linux" duration="00:00:01.0000894" startTime="2026-04-23T13:34:33.1216958+02:00" endTime="2026-04-23T13:34:33.1216959+02:00" testType="13cdc9d9-ddb5-4fa4-a97d-d965ccfc6d4b" outcome="Passed" testListId="8c84fa94-04c1-424b-9868-57a2d4851a1d" relativeResultsDirectory="caea8f26-9e24-4c31-8738-71194c77bf19" />
    <UnitTestResult executionId="822eeca8-e82b-4f69-9a0f-ac01c71acb05" testId="bb4eb3d4-8b1f-43f5-cb2a-88518d5eee01" testName="Tests.Services.Units.StandingsServiceUnitTests.GetSeasonOverview_ShouldReturnEmpty_WhenNoRaceResults" computerName="Bence-Linux" duration="00:00:00.0113776" startTime="2026-04-23T13:34:26.6379136+02:00" endTime="2026-04-23T13:34:26.6379138+02:00" testType="13cdc9d9-ddb5-4fa4-a97d-d965ccfc6d4b" outcome="Passed" testListId="8c84fa94-04c1-424b-9868-57a2d4851a1d" relativeResultsDirectory="822eeca8-e82b-4f69-9a0f-ac01c71acb05" />
    <UnitTestResult executionId="5d9033d4-6521-43da-9815-7cf66a827888" testId="2da0919a-f1d7-a20c-7929-3820bed0e5f3" testName="Tests.Services.Units.ConstructorsServiceUnitTests.Create_ShouldNotSetBrandId_WhenBrandNotFound" computerName="Bence-Linux" duration="00:00:00.0072657" startTime="2026-04-23T13:34:20.8255756+02:00" endTime="2026-04-23T13:34:20.8255758+02:00" testType="13cdc9d9-ddb5-4fa4-a97d-d965ccfc6d4b" outcome="Passed" testListId="8c84fa94-04c1-424b-9868-57a2d4851a1d" relativeResultsDirectory="5d9033d4-6521-43da-9815-7cf66a827888" />
    <UnitTestResult executionId="87524284-f5b1-4a18-9c3a-68b91f0d13f5" testId="a0c4b4c0-8577-fb2e-925a-491879da6674" testName="Tests.Controllers.PollsControllerTests.GetByCreatorId_ShouldReturn401_WhenNotAuthenticated" computerName="Bence-Linux" duration="00:00:00.0170296" startTime="2026-04-23T13:34:32.3524756+02:00" endTime="2026-04-23T13:34:32.3524758+02:00" testType="13cdc9d9-ddb5-4fa4-a97d-d965ccfc6d4b" outcome="Passed" testListId="8c84fa94-04c1-424b-9868-57a2d4851a1d" relativeResultsDirectory="87524284-f5b1-4a18-9c3a-68b91f0d13f5" />
    <UnitTestResult executionId="1704b28b-d50d-4fa0-908a-93ae66dff71a" testId="46d8e647-fb89-73f3-e8ba-059185cfc25d" testName="Tests.Services.Units.ChampionshipServiceUnitTests.CreateParticipations_ShouldSkip_WhenAlreadyExists" computerName="Bence-Linux" duration="00:00:00.0073449" startTime="2026-04-23T13:34:21.6123047+02:00" endTime="2026-04-23T13:34:21.6123050+02:00" testType="13cdc9d9-ddb5-4fa4-a97d-d965ccfc6d4b" outcome="Passed" testListId="8c84fa94-04c1-424b-9868-57a2d4851a1d" relativeResultsDirectory="1704b28b-d50d-4fa0-908a-93ae66dff71a" />
    <UnitTestResult executionId="0a719bdc-051b-47f6-a83d-9162d0cf4c3b" testId="8acabca5-5091-e1d5-3e4b-f9403784cd9f" testName="Tests.Services.Units.ConstructorsServiceUnitTests.GetAllConstructors_ShouldReturnEmpty_WhenNoneExist" computerName="Bence-Linux" duration="00:00:00.0224729" startTime="2026-04-23T13:34:20.7405093+02:00" endTime="2026-04-23T13:34:20.7405096+02:00" testType="13cdc9d9-ddb5-4fa4-a97d-d965ccfc6d4b" outcome="Passed" testListId="8c84fa94-04c1-424b-9868-57a2d4851a1d" relativeResultsDirectory="0a719bdc-051b-47f6-a83d-9162d0cf4c3b" />
    <UnitTestResult executionId="1d2784c5-e567-45e7-a5e0-52cf5ce0c302" testId="60eb4ccd-6c69-3bb7-b090-1fa91aa7eeb6" testName="Tests.Services.Integrations.StandingsServiceIntegrationTests.GetConstructorStandings_ShouldSumPointsPerConstructor_AndOrderDescending" computerName="Bence-Linux" duration="00:00:00.2995037" startTime="2026-04-23T13:34:26.0759851+02:00" endTime="2026-04-23T13:34:26.0759853+02:00" testType="13cdc9d9-ddb5-4fa4-a97d-d965ccfc6d4b" outcome="Passed" testListId="8c84fa94-04c1-424b-9868-57a2d4851a1d" relativeResultsDirectory="1d2784c5-e567-45e7-a5e0-52cf5ce0c302" />
    <UnitTestResult executionId="2852843d-e210-470f-b17a-fbf1bbb978d5" testId="e2cb9c54-42ce-85f0-917d-6a9e948ee48c" testName="Tests.Services.Integrations.AuthServiceIntegrationTests.Login_ShouldSetIsLoggedInTrue_AfterSuccess" computerName="Bence-Linux" duration="00:00:00.7638139" startTime="2026-04-23T13:34:35.0406752+02:00" endTime="2026-04-23T13:34:35.0406754+02:00" testType="13cdc9d9-ddb5-4fa4-a97d-d965ccfc6d4b" outcome="Passed" testListId="8c84fa94-04c1-424b-9868-57a2d4851a1d" relativeResultsDirectory="2852843d-e210-470f-b17a-fbf1bbb978d5" />
    <UnitTestResult executionId="d75979eb-1b4b-4327-9caa-51a82234ad6f" testId="e1d211ba-1e6f-ad07-a642-8d7cf2bc31bb" testName="Tests.Services.Units.DriverServiceUnitTests.Create_ShouldFail_WhenDriverYoungerThan15" computerName="Bence-Linux" duration="00:00:00.0021945" startTime="2026-04-23T13:34:20.7326116+02:00" endTime="2026-04-23T13:34:20.7326118+02:00" testType="13cdc9d9-ddb5-4fa4-a97d-d965ccfc6d4b" outcome="Passed" testListId="8c84fa94-04c1-424b-9868-57a2d4851a1d" relativeResultsDirectory="d75979eb-1b4b-4327-9caa-51a82234ad6f" />
    <UnitTestResult executionId="873f3b7c-5650-4757-b5bd-81b17954c4b4" testId="bf0ca1d8-1435-9b55-19ae-c53d799cfbf6" testName="Tests.Services.Units.PollServiceUnitTests.Delete_ShouldFail_WhenPollNotFound" computerName="Bence-Linux" duration="00:00:00.0064707" startTime="2026-04-23T13:34:25.9163212+02:00" endTime="2026-04-23T13:34:25.9163213+02:00" testType="13cdc9d9-ddb5-4fa4-a97d-d965ccfc6d4b" outcome="Passed" testListId="8c84fa94-04c1-424b-9868-57a2d4851a1d" relativeResultsDirectory="873f3b7c-5650-4757-b5bd-81b17954c4b4" />
    <UnitTestResult executionId="a99c32ff-9d3a-488d-be74-d3bf7783954e" testId="7a484bfb-dfa9-3cd3-3f54-4d245cd08c30" testName="Tests.Services.Units.StandingsServiceUnitTests.GetGrandPrixResults_ShouldReturnResults_OrderedByPosition" computerName="Bence-Linux" duration="00:00:00.0087669" startTime="2026-04-23T13:34:26.7461800+02:00" endTime="2026-04-23T13:34:26.7461801+02:00" testType="13cdc9d9-ddb5-4fa4-a97d-d965ccfc6d4b" outcome="Passed" testListId="8c84fa94-04c1-424b-9868-57a2d4851a1d" relativeResultsDirectory="a99c32ff-9d3a-488d-be74-d3bf7783954e" />
    <UnitTestResult executionId="473fee16-d5f9-417c-97a5-2af5f6ee6ef9" testId="dd01c613-e57d-badb-0493-50a5f2c0bc5a" testName="Tests.Services.Units.CommentServiceUnitTests.Create_ShouldSucceed_AndCallCommentRepoCreate" computerName="Bence-Linux" duration="00:00:00.0193002" startTime="2026-04-23T13:34:25.9336293+02:00" endTime="2026-04-23T13:34:25.9336295+02:00" testType="13cdc9d9-ddb5-4fa4-a97d-d965ccfc6d4b" outcome="Passed" testListId="8c84fa94-04c1-424b-9868-57a2d4851a1d" relativeResultsDirectory="473fee16-d5f9-417c-97a5-2af5f6ee6ef9" />
    <UnitTestResult executionId="13dd0c89-0225-41eb-a50a-8ad11611698f" testId="3738010d-32bd-1c68-0a22-59a8e8774507" testName="Tests.Services.Units.PollServiceUnitTests.GetPollById_ShouldFail_WhenPollNotFound" computerName="Bence-Linux" duration="00:00:00.0064136" startTime="2026-04-23T13:34:26.0542804+02:00" endTime="2026-04-23T13:34:26.0542806+02:00" testType="13cdc9d9-ddb5-4fa4-a97d-d965ccfc6d4b" outcome="Passed" testListId="8c84fa94-04c1-424b-9868-57a2d4851a1d" relativeResultsDirectory="13dd0c89-0225-41eb-a50a-8ad11611698f" />
    <UnitTestResult executionId="b4419513-6d20-4891-9bf1-3f63a31b9b5e" testId="8b8ad8a7-4a06-7451-2ec1-d594692ea448" testName="Tests.Controllers.ChampionshipControllerTests.GetAllChampionshipsBySeries_ShouldReturn200" computerName="Bence-Linux" duration="00:00:00.0603393" startTime="2026-04-23T13:34:32.1733074+02:00" endTime="2026-04-23T13:34:32.1733076+02:00" testType="13cdc9d9-ddb5-4fa4-a97d-d965ccfc6d4b" outcome="Passed" testListId="8c84fa94-04c1-424b-9868-57a2d4851a1d" relativeResultsDirectory="b4419513-6d20-4891-9bf1-3f63a31b9b5e" />
    <UnitTestResult executionId="1c861957-22f1-4ebf-8727-8528fafbd92a" testId="9c762090-31db-6865-358f-7e9e11089c08" testName="Tests.Services.Units.ArticleServiceUnitTests.Delete_ShouldFail_WhenArticleNotFound" computerName="Bence-Linux" duration="00:00:00.0083451" startTime="2026-04-23T13:34:21.2501114+02:00" endTime="2026-04-23T13:34:21.2501116+02:00" testType="13cdc9d9-ddb5-4fa4-a97d-d965ccfc6d4b" outcome="Passed" testListId="8c84fa94-04c1-424b-9868-57a2d4851a1d" relativeResultsDirectory="1c861957-22f1-4ebf-8727-8528fafbd92a" />
    <UnitTestResult executionId="63258059-ef51-4036-b650-2f0e6195d68f" testId="d26b4277-3fba-6ad2-03be-dfc3f6df2ca5" testName="Tests.Services.Units.PollServiceUnitTests.Vote_ShouldFail_WhenOptionBelongsToDifferentPoll" computerName="Bence-Linux" duration="00:00:00.0194698" startTime="2026-04-23T13:34:26.0498236+02:00" endTime="2026-04-23T13:34:26.0498239+02:00" testType="13cdc9d9-ddb5-4fa4-a97d-d965ccfc6d4b" outcome="Passed" testListId="8c84fa94-04c1-424b-9868-57a2d4851a1d" relativeResultsDirectory="63258059-ef51-4036-b650-2f0e6195d68f" />
    <UnitTestResult executionId="6b2a1458-c776-47d1-a972-1b1e15b00135" testId="358f4ad2-511a-8fa8-7f32-fba3dd2eb146" testName="Tests.Services.Integrations.StandingsServiceIntegrationTests.GetConstructorStandings_ShouldFail_WhenChampNotFound" computerName="Bence-Linux" duration="00:00:00.0046648" startTime="2026-04-23T13:34:26.1481568+02:00" endTime="2026-04-23T13:34:26.1481570+02:00" testType="13cdc9d9-ddb5-4fa4-a97d-d965ccfc6d4b" outcome="Passed" testListId="8c84fa94-04c1-424b-9868-57a2d4851a1d" relativeResultsDirectory="6b2a1458-c776-47d1-a972-1b1e15b00135" />
    <UnitTestResult executionId="97029f8e-4d87-4e8f-8d7e-1a4b82a7d564" testId="7202c563-03de-7df0-94b6-8b3c70b75d11" testName="Tests.Services.Integrations.PollServiceIntegrationTests.GetPollsByCreatorId_ShouldReturnOnlyCreatorPolls" computerName="Bence-Linux" duration="00:00:00.0247949" startTime="2026-04-23T13:34:30.4761844+02:00" endTime="2026-04-23T13:34:30.4761847+02:00" testType="13cdc9d9-ddb5-4fa4-a97d-d965ccfc6d4b" outcome="Passed" testListId="8c84fa94-04c1-424b-9868-57a2d4851a1d" relativeResultsDirectory="97029f8e-4d87-4e8f-8d7e-1a4b82a7d564" />
    <UnitTestResult executionId="d8ea27c7-0998-4de9-95e4-82b6b00eb3b6" testId="a8e9c0d6-5e8b-7018-a748-7115694e286f" testName="Tests.Services.Units.DriverServiceUnitTests.Create_ShouldFail_WhenBirthDateInFuture" computerName="Bence-Linux" duration="00:00:00.0130116" startTime="2026-04-23T13:34:20.6502223+02:00" endTime="2026-04-23T13:34:20.6502225+02:00" testType="13cdc9d9-ddb5-4fa4-a97d-d965ccfc6d4b" outcome="Passed" testListId="8c84fa94-04c1-424b-9868-57a2d4851a1d" relativeResultsDirectory="d8ea27c7-0998-4de9-95e4-82b6b00eb3b6" />
    <UnitTestResult executionId="00013dde-870d-4a84-a223-4a480d0871c2" testId="fa7869b4-56bf-9579-40d6-59cc1728f22d" testName="Tests.Services.Units.SeriesServiceUnitTests.GetSeriesByName_ShouldFail_WhenSeriesNotFound" computerName="Bence-Linux" duration="00:00:00.8732877" startTime="2026-04-23T13:34:20.4830448+02:00" endTime="2026-04-23T13:34:20.4830450+02:00" testType="13cdc9d9-ddb5-4fa4-a97d-d965ccfc6d4b" outcome="Passed" testListId="8c84fa94-04c1-424b-9868-57a2d4851a1d" relativeResultsDirectory="00013dde-870d-4a84-a223-4a480d0871c2" />
    <UnitTestResult executionId="7d8bc30e-116f-4fb6-b73c-391768aec908" testId="787b0c0c-87bc-67d0-cee7-18a5b8d8108a" testName="Tests.Controllers.PollsControllerTests.Delete_ShouldReturn404_WhenPollNotFound" computerName="Bence-Linux" duration="00:00:00.8033906" startTime="2026-04-23T13:34:34.7736621+02:00" endTime="2026-04-23T13:34:34.7736622+02:00" testType="13cdc9d9-ddb5-4fa4-a97d-d965ccfc6d4b" outcome="Passed" testListId="8c84fa94-04c1-424b-9868-57a2d4851a1d" relativeResultsDirectory="7d8bc30e-116f-4fb6-b73c-391768aec908" />
    <UnitTestResult executionId="e204ef33-b223-4b6d-951f-b41c7f858e2a" testId="228ba864-85c6-3eff-d89f-c1c790cdd39a" testName="Tests.Services.Integrations.ContractsIntegrationTests.Delete_ShouldSucceed_AndRemoveFromDb" computerName="Bence-Linux" duration="00:00:00.1437028" startTime="2026-04-23T13:34:26.3417694+02:00" endTime="2026-04-23T13:34:26.3417696+02:00" testType="13cdc9d9-ddb5-4fa4-a97d-d965ccfc6d4b" outcome="Passed" testListId="8c84fa94-04c1-424b-9868-57a2d4851a1d" relativeResultsDirectory="e204ef33-b223-4b6d-951f-b41c7f858e2a" />
    <UnitTestResult executionId="fa143ee6-7bdf-4ad0-979c-4185b0c67073" testId="f8a0032e-9a11-f877-4770-4d8027466036" testName="Tests.Services.Integrations.BrandIntegrationTests.ListBrands_ShouldReturnEmpty_WhenNoBrandsExist" computerName="Bence-Linux" duration="00:00:00.0826879" startTime="2026-04-23T13:34:26.4939924+02:00" endTime="2026-04-23T13:34:26.4939925+02:00" testType="13cdc9d9-ddb5-4fa4-a97d-d965ccfc6d4b" outcome="Passed" testListId="8c84fa94-04c1-424b-9868-57a2d4851a1d" relativeResultsDirectory="fa143ee6-7bdf-4ad0-979c-4185b0c67073" />
    <UnitTestResult executionId="b681ad66-e744-43ae-a761-f89d902f4280" testId="a7e6d176-46cf-fd59-3093-a1e0b451d7cb" testName="Tests.Services.Integrations.PollServiceIntegrationTests.GetActivePolls_ShouldReturnOnlyActiveFuturePolls" computerName="Bence-Linux" duration="00:00:00.0279472" startTime="2026-04-23T13:34:30.4084841+02:00" endTime="2026-04-23T13:34:30.4084848+02:00" testType="13cdc9d9-ddb5-4fa4-a97d-d965ccfc6d4b" outcome="Passed" testListId="8c84fa94-04c1-424b-9868-57a2d4851a1d" relativeResultsDirectory="b681ad66-e744-43ae-a761-f89d902f4280" />
    <UnitTestResult executionId="630e02a5-1a9b-4409-baae-107678219f99" testId="1c8aaaad-1444-61a9-1a5d-c0e661ed8238" testName="Tests.Services.Integrations.AuthServiceIntegrationTests.ChangePassword_ShouldSucceed_AndUpdateHash" computerName="Bence-Linux" duration="00:00:01.3057376" startTime="2026-04-23T13:34:39.0573540+02:00" endTime="2026-04-23T13:34:39.0573542+02:00" testType="13cdc9d9-ddb5-4fa4-a97d-d965ccfc6d4b" outcome="Passed" testListId="8c84fa94-04c1-424b-9868-57a2d4851a1d" relativeResultsDirectory="630e02a5-1a9b-4409-baae-107678219f99" />
    <UnitTestResult executionId="4273bf36-8878-4a24-9dbc-1cb87b876b23" testId="a266b5c4-bdc5-c053-71a3-24fa29a85a66" testName="Tests.Controllers.DriversControllerTests.Create_ShouldReturn400_WhenDriverTooYoung" computerName="Bence-Linux" duration="00:00:01.1912396" startTime="2026-04-23T13:34:32.7545475+02:00" endTime="2026-04-23T13:34:32.7545477+02:00" testType="13cdc9d9-ddb5-4fa4-a97d-d965ccfc6d4b" outcome="Passed" testListId="8c84fa94-04c1-424b-9868-57a2d4851a1d" relativeResultsDirectory="4273bf36-8878-4a24-9dbc-1cb87b876b23" />
    <UnitTestResult executionId="571fad47-855e-49b1-8ddf-0783e5d215f9" testId="bcbb86e8-57eb-7b6e-e245-d90e66ba45eb" testName="Tests.Services.Integrations.ChampionshipIntegrationTests.GetSeasonsBySeries_ShouldReturnYearLookups_WithCorrectIds" computerName="Bence-Linux" duration="00:00:00.0069423" startTime="2026-04-23T13:34:31.8918677+02:00" endTime="2026-04-23T13:34:31.8918679+02:00" testType="13cdc9d9-ddb5-4fa4-a97d-d965ccfc6d4b" outcome="Passed" testListId="8c84fa94-04c1-424b-9868-57a2d4851a1d" relativeResultsDirectory="571fad47-855e-49b1-8ddf-0783e5d215f9" />
    <UnitTestResult executionId="91107988-388c-4d16-bb80-effdf4845d2a" testId="f65cbe85-169a-c137-7dd0-5acfcb036cfe" testName="Tests.Services.Integrations.StandingsServiceIntegrationTests.RecalculateSession_ShouldFail_WhenGrandPrixNotFound" computerName="Bence-Linux" duration="00:00:00.0036474" startTime="2026-04-23T13:34:26.3656507+02:00" endTime="2026-04-23T13:34:26.3656508+02:00" testType="13cdc9d9-ddb5-4fa4-a97d-d965ccfc6d4b" outcome="Passed" testListId="8c84fa94-04c1-424b-9868-57a2d4851a1d" relativeResultsDirectory="91107988-388c-4d16-bb80-effdf4845d2a" />
    <UnitTestResult executionId="76877959-259a-43d8-b597-2917906c2a01" testId="71735e61-b227-291c-a9ec-a5863450eda7" testName="Tests.Services.Integrations.ConstructorsIntegrationTests.GetById_ShouldFail_WhenConstructorNotFound" computerName="Bence-Linux" duration="00:00:00.0035336" startTime="2026-04-23T13:34:26.7294095+02:00" endTime="2026-04-23T13:34:26.7294095+02:00" testType="13cdc9d9-ddb5-4fa4-a97d-d965ccfc6d4b" outcome="Passed" testListId="8c84fa94-04c1-424b-9868-57a2d4851a1d" relativeResultsDirectory="76877959-259a-43d8-b597-2917906c2a01" />
    <UnitTestResult executionId="170f0052-2992-4723-b8fc-489335516490" testId="e076329f-35a5-8afd-d593-06f80278374e" testName="Tests.Services.Integrations.DriverServiceIntegrationTests.GetDriverById_ShouldCalculateAge_Correctly" computerName="Bence-Linux" duration="00:00:00.0857817" startTime="2026-04-23T13:34:27.2661105+02:00" endTime="2026-04-23T13:34:27.2661108+02:00" testType="13cdc9d9-ddb5-4fa4-a97d-d965ccfc6d4b" outcome="Passed" testListId="8c84fa94-04c1-424b-9868-57a2d4851a1d" relativeResultsDirectory="170f0052-2992-4723-b8fc-489335516490" />
    <UnitTestResult executionId="0dbc35fd-d9c2-457c-942b-07c0e189eebe" testId="a073d8bc-b34e-cc83-f089-589e04543327" testName="Tests.Services.Units.ContractsServiceUnitTests.Delete_ShouldSucceed_AndCallRepoDelete" computerName="Bence-Linux" duration="00:00:00.0056396" startTime="2026-04-23T13:34:30.6561241+02:00" endTime="2026-04-23T13:34:30.6561243+02:00" testType="13cdc9d9-ddb5-4fa4-a97d-d965ccfc6d4b" outcome="Passed" testListId="8c84fa94-04c1-424b-9868-57a2d4851a1d" relativeResultsDirectory="0dbc35fd-d9c2-457c-942b-07c0e189eebe" />
    <UnitTestResult executionId="5889afec-405b-4b76-9e7f-56ccd5c54c86" testId="3a39baa3-a1d3-af81-60c5-e6478b3beb42" testName="Tests.Services.Units.PollServiceUnitTests.Vote_ShouldFail_WhenPollIsNotActive" computerName="Bence-Linux" duration="00:00:00.0110180" startTime="2026-04-23T13:34:25.8419464+02:00" endTime="2026-04-23T13:34:25.8419465+02:00" testType="13cdc9d9-ddb5-4fa4-a97d-d965ccfc6d4b" outcome="Passed" testListId="8c84fa94-04c1-424b-9868-57a2d4851a1d" relativeResultsDirectory="5889afec-405b-4b76-9e7f-56ccd5c54c86" />
    <UnitTestResult executionId="b5f5d956-0509-4a3a-a0b5-1eb0ed1e70c5" testId="64bb7b01-4dfe-8c3d-7a0c-697a7f0d9f41" testName="Tests.Services.Integrations.StandingsServiceIntegrationTests.GetGrandPrixResults_ShouldReturnEmpty_WhenNoSessionResults" computerName="Bence-Linux" duration="00:00:00.0146430" startTime="2026-04-23T13:34:25.3021817+02:00" endTime="2026-04-23T13:34:25.3021819+02:00" testType="13cdc9d9-ddb5-4fa4-a97d-d965ccfc6d4b" outcome="Passed" testListId="8c84fa94-04c1-424b-9868-57a2d4851a1d" relativeResultsDirectory="b5f5d956-0509-4a3a-a0b5-1eb0ed1e70c5" />
    <UnitTestResult executionId="e7e8b3ae-a5b7-42df-8061-17436e795261" testId="c396d9b5-cb5f-50eb-47d5-40955d62f7ea" testName="Tests.Controllers.AuthControllerTests.UpdateInfo_ShouldReturn200_WhenValid" computerName="Bence-Linux" duration="00:00:01.2436647" startTime="2026-04-23T13:34:32.6231923+02:00" endTime="2026-04-23T13:34:32.6231924+02:00" testType="13cdc9d9-ddb5-4fa4-a97d-d965ccfc6d4b" outcome="Passed" testListId="8c84fa94-04c1-424b-9868-57a2d4851a1d" relativeResultsDirectory="e7e8b3ae-a5b7-42df-8061-17436e795261" />
    <UnitTestResult executionId="3c7f4537-2eab-4ef0-b4ba-0fb2af86fd2f" testId="facaf154-c587-2dce-2223-90532751447d" testName="Tests.Services.Integrations.BrandIntegrationTests.ListBrands_ShouldPersistAndReturnCorrectIdAndName" computerName="Bence-Linux" duration="00:00:00.0068857" startTime="2026-04-23T13:34:26.5029226+02:00" endTime="2026-04-23T13:34:26.5029228+02:00" testType="13cdc9d9-ddb5-4fa4-a97d-d965ccfc6d4b" outcome="Passed" testListId="8c84fa94-04c1-424b-9868-57a2d4851a1d" relativeResultsDirectory="3c7f4537-2eab-4ef0-b4ba-0fb2af86fd2f" />
    <UnitTestResult executionId="92f434bd-f254-4ab2-ad3d-b4035f699d0f" testId="8a1a690a-51d7-a25f-f5f4-4dec894a7846" testName="Tests.Services.Units.CommentServiceUnitTests.DeleteComment_ShouldDeleteRepliesFirst_ThenParent" computerName="Bence-Linux" duration="00:00:00.0287555" startTime="2026-04-23T13:34:25.7741408+02:00" endTime="2026-04-23T13:34:25.7741410+02:00" testType="13cdc9d9-ddb5-4fa4-a97d-d965ccfc6d4b" outcome="Passed" testListId="8c84fa94-04c1-424b-9868-57a2d4851a1d" relativeResultsDirectory="92f434bd-f254-4ab2-ad3d-b4035f699d0f" />
    <UnitTestResult executionId="d2f7da21-b6b1-40f0-9688-c99945400b8e" testId="23079b98-4d20-f726-c218-472bb43225e9" testName="Tests.Services.Units.CommentServiceUnitTests.DeleteComment_ShouldFail_WhenCommentNotFound" computerName="Bence-Linux" duration="00:00:00.0143903" startTime="2026-04-23T13:34:25.8658961+02:00" endTime="2026-04-23T13:34:25.8658962+02:00" testType="13cdc9d9-ddb5-4fa4-a97d-d965ccfc6d4b" outcome="Passed" testListId="8c84fa94-04c1-424b-9868-57a2d4851a1d" relativeResultsDirectory="d2f7da21-b6b1-40f0-9688-c99945400b8e" />
    <UnitTestResult executionId="65d8c4bd-05f2-4779-9817-6eee2908fa8c" testId="de7a5240-c579-5cb3-931b-c6065a68481d" testName="Tests.Services.Units.ContractsServiceUnitTests.Update_ShouldFail_WhenContractNotFound" computerName="Bence-Linux" duration="00:00:00.0048744" startTime="2026-04-23T13:34:30.6227199+02:00" endTime="2026-04-23T13:34:30.6227200+02:00" testType="13cdc9d9-ddb5-4fa4-a97d-d965ccfc6d4b" outcome="Passed" testListId="8c84fa94-04c1-424b-9868-57a2d4851a1d" relativeResultsDirectory="65d8c4bd-05f2-4779-9817-6eee2908fa8c" />
    <UnitTestResult executionId="07557114-7437-4881-84e9-ee18cd1f2c37" testId="0ae2de25-119d-95db-b7f4-1ccb9797f593" testName="Tests.Services.Units.DriverServiceUnitTests.Update_ShouldSucceed_AndCallRepoUpdate" computerName="Bence-Linux" duration="00:00:00.0165344" startTime="2026-04-23T13:34:20.6836696+02:00" endTime="2026-04-23T13:34:20.6836698+02:00" testType="13cdc9d9-ddb5-4fa4-a97d-d965ccfc6d4b" outcome="Passed" testListId="8c84fa94-04c1-424b-9868-57a2d4851a1d" relativeResultsDirectory="07557114-7437-4881-84e9-ee18cd1f2c37" />
    <UnitTestResult executionId="9b1eb253-f6a7-4160-8972-bb6c18ba75d5" testId="98f12c84-f166-9254-ff47-8bf01e9545ce" testName="Tests.Services.Integrations.PollServiceIntegrationTests.Vote_ShouldSucceed_AndPersistVote" computerName="Bence-Linux" duration="00:00:00.0475693" startTime="2026-04-23T13:34:30.5851497+02:00" endTime="2026-04-23T13:34:30.5851502+02:00" testType="13cdc9d9-ddb5-4fa4-a97d-d965ccfc6d4b" outcome="Passed" testListId="8c84fa94-04c1-424b-9868-57a2d4851a1d" relativeResultsDirectory="9b1eb253-f6a7-4160-8972-bb6c18ba75d5" />
    <UnitTestResult executionId="679c2aaf-37e6-45a3-a552-7644b6afe7bd" testId="db70cdfa-05f6-ddc0-4041-58f6307bea73" testName="Tests.Services.Integrations.PollServiceIntegrationTests.Delete_ShouldFail_WhenUserIsNotAuthor" computerName="Bence-Linux" duration="00:00:00.0041634" startTime="2026-04-23T13:34:30.6171424+02:00" endTime="2026-04-23T13:34:30.6171425+02:00" testType="13cdc9d9-ddb5-4fa4-a97d-d965ccfc6d4b" outcome="Passed" testListId="8c84fa94-04c1-424b-9868-57a2d4851a1d" relativeResultsDirectory="679c2aaf-37e6-45a3-a552-7644b6afe7bd" />
    <UnitTestResult executionId="80ad7c16-7421-4165-8bad-11b64d5a4874" testId="ccaf8503-4858-07bd-f044-427af553ecfe" testName="Tests.Services.Integrations.ArticleServiceIntegrationTests.UpdateArticle_ShouldSucceed_AndUpdateAllBasicFields" computerName="Bence-Linux" duration="00:00:00.0730480" startTime="2026-04-23T13:34:25.5666176+02:00" endTime="2026-04-23T13:34:25.5666180+02:00" testType="13cdc9d9-ddb5-4fa4-a97d-d965ccfc6d4b" outcome="Passed" testListId="8c84fa94-04c1-424b-9868-57a2d4851a1d" relativeResultsDirectory="80ad7c16-7421-4165-8bad-11b64d5a4874" />
    <UnitTestResult executionId="dee4bce2-6e1b-44e6-8012-a9c0ae08e084" testId="b95e9821-1d00-601e-7135-72b4ffe05f51" testName="Tests.Services.Integrations.SeriesSeriesIntegrationTests.ListSeries_ShouldReturnAll_OrderedByShortName" computerName="Bence-Linux" duration="00:00:00.0047853" startTime="2026-04-23T13:34:31.7552703+02:00" endTime="2026-04-23T13:34:31.7552705+02:00" testType="13cdc9d9-ddb5-4fa4-a97d-d965ccfc6d4b" outcome="Passed" testListId="8c84fa94-04c1-424b-9868-57a2d4851a1d" relativeResultsDirectory="dee4bce2-6e1b-44e6-8012-a9c0ae08e084" />
    <UnitTestResult executionId="d7c95c54-4bec-4a12-ad05-3fd483fee8b9" testId="d95c0c28-784d-01c7-245c-9fba22c30865" testName="Tests.Services.Units.PollServiceUnitTests.Vote_ShouldFail_WhenOptionNotFound" computerName="Bence-Linux" duration="00:00:00.0176324" startTime="2026-04-23T13:34:25.8946179+02:00" endTime="2026-04-23T13:34:25.8946182+02:00" testType="13cdc9d9-ddb5-4fa4-a97d-d965ccfc6d4b" outcome="Passed" testListId="8c84fa94-04c1-424b-9868-57a2d4851a1d" relativeResultsDirectory="d7c95c54-4bec-4a12-ad05-3fd483fee8b9" />
    <UnitTestResult executionId="bf5f2e71-05d7-4457-a523-4050928d7003" testId="314b4865-bc33-aba0-94b0-450ea7d8a965" testName="Tests.Services.Units.AuthServiceUnitTests.ChangePassword_ShouldFail_WhenUserNotFound" computerName="Bence-Linux" duration="00:00:00.0029416" startTime="2026-04-23T13:34:35.8319857+02:00" endTime="2026-04-23T13:34:35.8319859+02:00" testType="13cdc9d9-ddb5-4fa4-a97d-d965ccfc6d4b" outcome="Passed" testListId="8c84fa94-04c1-424b-9868-57a2d4851a1d" relativeResultsDirectory="bf5f2e71-05d7-4457-a523-4050928d7003" />
    <UnitTestResult executionId="118a10af-4be6-41f3-b2c9-907da1829273" testId="467463a6-7892-7818-dc0c-cea264e73d00" testName="Tests.Services.Units.DriverServiceUnitTests.Update_ShouldUpdateAllFields" computerName="Bence-Linux" duration="00:00:00.0368269" startTime="2026-04-23T13:34:20.6262200+02:00" endTime="2026-04-23T13:34:20.6262202+02:00" testType="13cdc9d9-ddb5-4fa4-a97d-d965ccfc6d4b" outcome="Passed" testListId="8c84fa94-04c1-424b-9868-57a2d4851a1d" relativeResultsDirectory="118a10af-4be6-41f3-b2c9-907da1829273" />
    <UnitTestResult executionId="130a1bc1-2dc8-4b14-97b9-f8725eb34c46" testId="b610b8da-7ed9-771b-a861-da7d389fbed9" testName="Tests.Services.Units.ArticleServiceUnitTests.GetArticleById_ShouldReturnFailure_WhenNotFound" computerName="Bence-Linux" duration="00:00:00.0093466" startTime="2026-04-23T13:34:21.0814544+02:00" endTime="2026-04-23T13:34:21.0814547+02:00" testType="13cdc9d9-ddb5-4fa4-a97d-d965ccfc6d4b" outcome="Passed" testListId="8c84fa94-04c1-424b-9868-57a2d4851a1d" relativeResultsDirectory="130a1bc1-2dc8-4b14-97b9-f8725eb34c46" />
    <UnitTestResult executionId="c2b6b872-09df-4d9f-9f86-f330ef62ec0e" testId="e7615a0c-a9a8-7caa-7c2f-05b8aecc34de" testName="Tests.Services.Integrations.AuthServiceIntegrationTests.ChangePassword_ShouldFail_WhenCurrentPasswordWrong" computerName="Bence-Linux" duration="00:00:01.4042739" startTime="2026-04-23T13:34:31.5215110+02:00" endTime="2026-04-23T13:34:31.5215112+02:00" testType="13cdc9d9-ddb5-4fa4-a97d-d965ccfc6d4b" outcome="Passed" testListId="8c84fa94-04c1-424b-9868-57a2d4851a1d" relativeResultsDirectory="c2b6b872-09df-4d9f-9f86-f330ef62ec0e" />
    <UnitTestResult executionId="aef6391f-fa71-4505-9e85-69377aaaf066" testId="cf456282-8e14-891e-7156-47e0bf3f45a2" testName="Tests.Services.Units.ChampionshipServiceUnitTests.CreateChampionship_ShouldSucceed_AndCallBothRepos" computerName="Bence-Linux" duration="00:00:00.0634840" startTime="2026-04-23T13:34:21.3980260+02:00" endTime="2026-04-23T13:34:21.3980262+02:00" testType="13cdc9d9-ddb5-4fa4-a97d-d965ccfc6d4b" outcome="Passed" testListId="8c84fa94-04c1-424b-9868-57a2d4851a1d" relativeResultsDirectory="aef6391f-fa71-4505-9e85-69377aaaf066" />
    <UnitTestResult executionId="46763d85-098b-4d50-a992-7b80b7a070bb" testId="19cb5970-9a72-7706-4ae8-cda6f98e0627" testName="Tests.Controllers.DriversControllerTests.Create_ShouldReturn401_WhenNotAuthenticated" computerName="Bence-Linux" duration="00:00:00.0316470" startTime="2026-04-23T13:34:30.3081971+02:00" endTime="2026-04-23T13:34:30.3081974+02:00" testType="13cdc9d9-ddb5-4fa4-a97d-d965ccfc6d4b" outcome="Passed" testListId="8c84fa94-04c1-424b-9868-57a2d4851a1d" relativeResultsDirectory="46763d85-098b-4d50-a992-7b80b7a070bb" />
    <UnitTestResult executionId="7dce512b-4bcc-4ddd-8198-49c73a9fb682" testId="44d5a190-9b18-3b2c-c083-4a27b2962f9a" testName="Tests.Services.Integrations.PollServiceIntegrationTests.Vote_ShouldFail_WhenPollIsExpired" computerName="Bence-Linux" duration="00:00:00.0102250" startTime="2026-04-23T13:34:30.5381560+02:00" endTime="2026-04-23T13:34:30.5381561+02:00" testType="13cdc9d9-ddb5-4fa4-a97d-d965ccfc6d4b" outcome="Passed" testListId="8c84fa94-04c1-424b-9868-57a2d4851a1d" relativeResultsDirectory="7dce512b-4bcc-4ddd-8198-49c73a9fb682" />
    <UnitTestResult executionId="249c6e2a-aacf-415d-a6e3-7b381268653e" testId="03e0f1a1-99db-bc0c-fe9f-eec7b25bb7d9" testName="Tests.Services.Integrations.ArticleServiceIntegrationTests.ListArticles_Paged_ShouldReturnCorrectPage" computerName="Bence-Linux" duration="00:00:00.0819770" startTime="2026-04-23T13:34:25.3954708+02:00" endTime="2026-04-23T13:34:25.3954710+02:00" testType="13cdc9d9-ddb5-4fa4-a97d-d965ccfc6d4b" outcome="Passed" testListId="8c84fa94-04c1-424b-9868-57a2d4851a1d" relativeResultsDirectory="249c6e2a-aacf-415d-a6e3-7b381268653e" />
    <UnitTestResult executionId="4651cec2-27e1-4295-b04c-c7d14dae0711" testId="c41a446c-ce70-9268-3376-841e88a21dd7" testName="Tests.Controllers.ChampionshipControllerTests.CreateChampionship_ShouldReturn401_WhenNotAuthenticated" computerName="Bence-Linux" duration="00:00:00.1847508" startTime="2026-04-23T13:34:31.9581839+02:00" endTime="2026-04-23T13:34:31.9581840+02:00" testType="13cdc9d9-ddb5-4fa4-a97d-d965ccfc6d4b" outcome="Passed" testListId="8c84fa94-04c1-424b-9868-57a2d4851a1d" relativeResultsDirectory="4651cec2-27e1-4295-b04c-c7d14dae0711" />
    <UnitTestResult executionId="bc7a35c0-aace-4be7-96a5-fb52c780d3e7" testId="d9b4a500-9993-2418-a224-3f88a86d9f84" testName="Tests.Services.Units.DriverServiceUnitTests.GetDriverById_ShouldFail_WhenNotFound" computerName="Bence-Linux" duration="00:00:00.0045950" startTime="2026-04-23T13:34:20.7191426+02:00" endTime="2026-04-23T13:34:20.7191427+02:00" testType="13cdc9d9-ddb5-4fa4-a97d-d965ccfc6d4b" outcome="Passed" testListId="8c84fa94-04c1-424b-9868-57a2d4851a1d" relativeResultsDirectory="bc7a35c0-aace-4be7-96a5-fb52c780d3e7" />
    <UnitTestResult executionId="4f42dcfd-3854-42be-bb83-dea30614cbe1" testId="4c97b320-6d63-3d3a-ce2d-dbc66ab257a0" testName="Tests.Services.Units.ChampionshipServiceUnitTests.UpdateChampionshipStatus_ShouldSucceed_AndUpdateBothStatuses" computerName="Bence-Linux" duration="00:00:00.0114869" startTime="2026-04-23T13:34:21.5824267+02:00" endTime="2026-04-23T13:34:21.5824270+02:00" testType="13cdc9d9-ddb5-4fa4-a97d-d965ccfc6d4b" outcome="Passed" testListId="8c84fa94-04c1-424b-9868-57a2d4851a1d" relativeResultsDirectory="4f42dcfd-3854-42be-bb83-dea30614cbe1" />
    <UnitTestResult executionId="12d37364-132b-411f-ad96-3dec96a80083" testId="dddb2db9-efcb-f78a-aa0a-10164863f022" testName="Tests.Services.Integrations.DriverServiceIntegrationTests.Update_ShouldFail_WhenBirthDateYoungerThan15" computerName="Bence-Linux" duration="00:00:00.0050195" startTime="2026-04-23T13:34:27.3361948+02:00" endTime="2026-04-23T13:34:27.3361950+02:00" testType="13cdc9d9-ddb5-4fa4-a97d-d965ccfc6d4b" outcome="Passed" testListId="8c84fa94-04c1-424b-9868-57a2d4851a1d" relativeResultsDirectory="12d37364-132b-411f-ad96-3dec96a80083" />
    <UnitTestResult executionId="8a2aaa10-ee39-40b7-816b-e493835df1f6" testId="7bcf68c8-e959-196e-00d7-d4c436b387b7" testName="Tests.Services.Units.ArticleServiceUnitTests.GetArticleBySlug_Summary_ShouldHaveSecondaryImageUrls" computerName="Bence-Linux" duration="00:00:00.0101153" startTime="2026-04-23T13:34:21.3241752+02:00" endTime="2026-04-23T13:34:21.3241754+02:00" testType="13cdc9d9-ddb5-4fa4-a97d-d965ccfc6d4b" outcome="Passed" testListId="8c84fa94-04c1-424b-9868-57a2d4851a1d" relativeResultsDirectory="8a2aaa10-ee39-40b7-816b-e493835df1f6" />
    <UnitTestResult executionId="c6886daf-e965-49ee-8c1b-67cd9a701019" testId="59b867fb-81fc-aa53-8926-d39535cf5315" testName="Tests.Services.Units.ChampionshipServiceUnitTests.GetDriversBySeason_ShouldReturnDrivers_OrderedByName" computerName="Bence-Linux" duration="00:00:00.0269114" startTime="2026-04-23T13:34:21.4252802+02:00" endTime="2026-04-23T13:34:21.4252804+02:00" testType="13cdc9d9-ddb5-4fa4-a97d-d965ccfc6d4b" outcome="Passed" testListId="8c84fa94-04c1-424b-9868-57a2d4851a1d" relativeResultsDirectory="c6886daf-e965-49ee-8c1b-67cd9a701019" />
    <UnitTestResult executionId="983c9c4a-9618-4d9a-95ba-c950ea73474a" testId="e3edc426-94d2-b1c0-f771-bec7fa477219" testName="Tests.Services.Units.AuthServiceUnitTests.Register_ShouldSucceed_WhenCredentialsAreUnique" computerName="Bence-Linux" duration="00:00:00.3443328" startTime="2026-04-23T13:34:36.1766365+02:00" endTime="2026-04-23T13:34:36.1766366+02:00" testType="13cdc9d9-ddb5-4fa4-a97d-d965ccfc6d4b" outcome="Passed" testListId="8c84fa94-04c1-424b-9868-57a2d4851a1d" relativeResultsDirectory="983c9c4a-9618-4d9a-95ba-c950ea73474a" />
    <UnitTestResult executionId="2318176a-ba43-4f57-bc13-c1292f3a079d" testId="9746bdd6-396f-1f9f-aee3-8e092fa31448" testName="Tests.Services.Units.AuthServiceUnitTests.Logout_ShouldFail_WhenUserNotFound" computerName="Bence-Linux" duration="00:00:00.0062952" startTime="2026-04-23T13:34:21.6502603+02:00" endTime="2026-04-23T13:34:21.6502605+02:00" testType="13cdc9d9-ddb5-4fa4-a97d-d965ccfc6d4b" outcome="Passed" testListId="8c84fa94-04c1-424b-9868-57a2d4851a1d" relativeResultsDirectory="2318176a-ba43-4f57-bc13-c1292f3a079d" />
    <UnitTestResult executionId="05a2a476-2268-4171-8c4b-3cf0898e75d3" testId="f4548d3b-7ba9-bfad-f72c-d78b1bd27f66" testName="Tests.Controllers.ConstructorsControllerTests.Create_ShouldReturn200_WhenValid" computerName="Bence-Linux" duration="00:00:01.2494588" startTime="2026-04-23T13:34:31.0985996+02:00" endTime="2026-04-23T13:34:31.0985997+02:00" testType="13cdc9d9-ddb5-4fa4-a97d-d965ccfc6d4b" outcome="Passed" testListId="8c84fa94-04c1-424b-9868-57a2d4851a1d" relativeResultsDirectory="05a2a476-2268-4171-8c4b-3cf0898e75d3" />
    <UnitTestResult executionId="2472420e-fc67-4a23-a138-52d53929d311" testId="b893782e-5536-0617-3d0f-7bca60133f27" testName="Tests.Services.Integrations.AuthServiceIntegrationTests.UpdateUserInfo_ShouldSucceed_AndPersistChanges" computerName="Bence-Linux" duration="00:00:00.2566163" startTime="2026-04-23T13:34:39.8326079+02:00" endTime="2026-04-23T13:34:39.8326080+02:00" testType="13cdc9d9-ddb5-4fa4-a97d-d965ccfc6d4b" outcome="Passed" testListId="8c84fa94-04c1-424b-9868-57a2d4851a1d" relativeResultsDirectory="2472420e-fc67-4a23-a138-52d53929d311" />
    <UnitTestResult executionId="7b1dae5c-2de0-4c97-940e-79df33ff609e" testId="85af1b89-b232-a2bb-3405-ca64ea131c2f" testName="Tests.Controllers.BrandsControllerTests.GetAll_ShouldReturn200_WhenAdminAuthenticated" computerName="Bence-Linux" duration="00:00:01.4261515" startTime="2026-04-23T13:34:32.0904784+02:00" endTime="2026-04-23T13:34:32.0904785+02:00" testType="13cdc9d9-ddb5-4fa4-a97d-d965ccfc6d4b" outcome="Passed" testListId="8c84fa94-04c1-424b-9868-57a2d4851a1d" relativeResultsDirectory="7b1dae5c-2de0-4c97-940e-79df33ff609e" />
    <UnitTestResult executionId="8fd9351a-7dd1-49df-b4fa-c54ae3ca9036" testId="34662e7a-c5ff-3a30-a954-f2251aa73abe" testName="Tests.Controllers.AuthControllerTests.ChangePassword_ShouldReturn200_WhenValid" computerName="Bence-Linux" duration="00:00:05.2386461" startTime="2026-04-23T13:34:31.3760595+02:00" endTime="2026-04-23T13:34:31.3760597+02:00" testType="13cdc9d9-ddb5-4fa4-a97d-d965ccfc6d4b" outcome="Passed" testListId="8c84fa94-04c1-424b-9868-57a2d4851a1d" relativeResultsDirectory="8fd9351a-7dd1-49df-b4fa-c54ae3ca9036" />
    <UnitTestResult executionId="c2c20488-78c2-40c7-b961-a8548b6eab00" testId="12792f35-a2b0-f624-fb02-82c238c4283c" testName="Tests.Services.Units.AuthServiceUnitTests.Login_ShouldFail_WhenEmailNotFound" computerName="Bence-Linux" duration="00:00:00.0071981" startTime="2026-04-23T13:34:21.6576694+02:00" endTime="2026-04-23T13:34:21.6576697+02:00" testType="13cdc9d9-ddb5-4fa4-a97d-d965ccfc6d4b" outcome="Passed" testListId="8c84fa94-04c1-424b-9868-57a2d4851a1d" relativeResultsDirectory="c2c20488-78c2-40c7-b961-a8548b6eab00" />
    <UnitTestResult executionId="a8d99b8f-869d-4e8f-b6f5-95446a544adf" testId="9e9aa9ee-db3b-8bf0-b0ed-3c3075a5d899" testName="Tests.Controllers.GrandPrixControllerTests.GetSeasonGrandsPrix_ShouldReturn200" computerName="Bence-Linux" duration="00:00:00.1383578" startTime="2026-04-23T13:34:27.0571625+02:00" endTime="2026-04-23T13:34:27.0571627+02:00" testType="13cdc9d9-ddb5-4fa4-a97d-d965ccfc6d4b" outcome="Passed" testListId="8c84fa94-04c1-424b-9868-57a2d4851a1d" relativeResultsDirectory="a8d99b8f-869d-4e8f-b6f5-95446a544adf" />
    <UnitTestResult executionId="c2ad8698-9a45-4581-ba61-d5e6cad40d13" testId="3fc442d6-8402-c47e-9314-3b136a6ca41d" testName="Tests.Services.Integrations.GrandPrixServiceIntegrationTests.Update_ShouldSucceed_AndPersistChanges" computerName="Bence-Linux" duration="00:00:00.0223777" startTime="2026-04-23T13:34:31.3907147+02:00" endTime="2026-04-23T13:34:31.3907149+02:00" testType="13cdc9d9-ddb5-4fa4-a97d-d965ccfc6d4b" outcome="Passed" testListId="8c84fa94-04c1-424b-9868-57a2d4851a1d" relativeResultsDirectory="c2ad8698-9a45-4581-ba61-d5e6cad40d13" />
    <UnitTestResult executionId="2f8e1891-44b1-4911-94ee-a2a724d3da44" testId="c6ffe2e0-ad55-bacf-0faf-8148594bb02c" testName="Tests.Services.Integrations.GrandPrixServiceIntegrationTests.GetGrandPrixById_ShouldReturnCircuitDetail_WithImageUrls" computerName="Bence-Linux" duration="00:00:00.0700436" startTime="2026-04-23T13:34:31.1911898+02:00" endTime="2026-04-23T13:34:31.1911899+02:00" testType="13cdc9d9-ddb5-4fa4-a97d-d965ccfc6d4b" outcome="Passed" testListId="8c84fa94-04c1-424b-9868-57a2d4851a1d" relativeResultsDirectory="2f8e1891-44b1-4911-94ee-a2a724d3da44" />
    <UnitTestResult executionId="b8b70731-e6f2-42d1-a0e7-9ee73ed08cfe" testId="7dde2b91-e2b5-f57d-4c53-0c99a77745f5" testName="Tests.Services.Integrations.SeriesSeriesIntegrationTests.GetSeriesByName_ShouldSucceed_AndReturnCorrectFields" computerName="Bence-Linux" duration="00:00:00.0053513" startTime="2026-04-23T13:34:31.7648811+02:00" endTime="2026-04-23T13:34:31.7648813+02:00" testType="13cdc9d9-ddb5-4fa4-a97d-d965ccfc6d4b" outcome="Passed" testListId="8c84fa94-04c1-424b-9868-57a2d4851a1d" relativeResultsDirectory="b8b70731-e6f2-42d1-a0e7-9ee73ed08cfe" />
    <UnitTestResult executionId="6156bffd-5424-4910-aae4-8364eb28b1f3" testId="d71842a6-20bd-caab-a1d9-dc71f822620e" testName="Tests.Controllers.GrandPrixControllerTests.GetAllCircuits_ShouldReturn401_WhenNotAuthenticated" computerName="Bence-Linux" duration="00:00:00.0179185" startTime="2026-04-23T13:34:27.0781579+02:00" endTime="2026-04-23T13:34:27.0781581+02:00" testType="13cdc9d9-ddb5-4fa4-a97d-d965ccfc6d4b" outcome="Passed" testListId="8c84fa94-04c1-424b-9868-57a2d4851a1d" relativeResultsDirectory="6156bffd-5424-4910-aae4-8364eb28b1f3" />
    <UnitTestResult executionId="887ce6a1-1b38-41b8-ab44-2d3a6e0e9c9b" testId="72a711d6-941f-44e2-8957-8a31edce3883" testName="Tests.Controllers.ChampionshipControllerTests.RemoveDriverParticipation_ShouldReturn401_WhenNotAuthenticated" computerName="Bence-Linux" duration="00:00:00.0181260" startTime="2026-04-23T13:34:32.0643751+02:00" endTime="2026-04-23T13:34:32.0643752+02:00" testType="13cdc9d9-ddb5-4fa4-a97d-d965ccfc6d4b" outcome="Passed" testListId="8c84fa94-04c1-424b-9868-57a2d4851a1d" relativeResultsDirectory="887ce6a1-1b38-41b8-ab44-2d3a6e0e9c9b" />
    <UnitTestResult executionId="f97a4dc1-e16a-4e91-b8e9-7a8af0fe20ff" testId="79844da6-c7e1-420e-3555-09ad31bb9143" testName="Tests.Services.Units.ConstructorsServiceUnitTests.Update_ShouldFail_WhenNewBrandNotFound" computerName="Bence-Linux" duration="00:00:00.8642771" startTime="2026-04-23T13:34:20.4711137+02:00" endTime="2026-04-23T13:34:20.4711139+02:00" testType="13cdc9d9-ddb5-4fa4-a97d-d965ccfc6d4b" outcome="Passed" testListId="8c84fa94-04c1-424b-9868-57a2d4851a1d" relativeResultsDirectory="f97a4dc1-e16a-4e91-b8e9-7a8af0fe20ff" />
    <UnitTestResult executionId="8087d464-a794-486c-97a6-9f2cd706c287" testId="1ec2b4b5-a226-a56e-aab8-a98fc5617a79" testName="Tests.Services.Integrations.ConstructorsIntegrationTests.Update_ShouldSucceed_AndPersistChanges" computerName="Bence-Linux" duration="00:00:00.0928465" startTime="2026-04-23T13:34:26.7122464+02:00" endTime="2026-04-23T13:34:26.7122465+02:00" testType="13cdc9d9-ddb5-4fa4-a97d-d965ccfc6d4b" outcome="Passed" testListId="8c84fa94-04c1-424b-9868-57a2d4851a1d" relativeResultsDirectory="8087d464-a794-486c-97a6-9f2cd706c287" />
    <UnitTestResult executionId="c0acb781-320d-4dfc-be9b-be630691e6a5" testId="6db5d7f6-9e43-32ba-b061-ff999962f5c0" testName="Tests.Controllers.PollsControllerTests.GetByCreatorId_ShouldReturn200_WhenAuthenticated" computerName="Bence-Linux" duration="00:00:00.9373917" startTime="2026-04-23T13:34:33.3152976+02:00" endTime="2026-04-23T13:34:33.3152978+02:00" testType="13cdc9d9-ddb5-4fa4-a97d-d965ccfc6d4b" outcome="Passed" testListId="8c84fa94-04c1-424b-9868-57a2d4851a1d" relativeResultsDirectory="c0acb781-320d-4dfc-be9b-be630691e6a5" />
    <UnitTestResult executionId="a4cd585f-4687-4026-b1ff-4de4b5a16658" testId="7b64d1ac-4ccc-8907-5b7e-6e9902b79b8e" testName="Tests.Services.Integrations.AuthServiceIntegrationTests.Login_ShouldFail_WhenPasswordIsWrong" computerName="Bence-Linux" duration="00:00:00.6853686" startTime="2026-04-23T13:34:36.8021824+02:00" endTime="2026-04-23T13:34:36.8021825+02:00" testType="13cdc9d9-ddb5-4fa4-a97d-d965ccfc6d4b" outcome="Passed" testListId="8c84fa94-04c1-424b-9868-57a2d4851a1d" relativeResultsDirectory="a4cd585f-4687-4026-b1ff-4de4b5a16658" />
    <UnitTestResult executionId="de248487-0ff9-4dfb-af9e-134445021d26" testId="eae1ed5d-cd16-58fc-2718-bde992ea4074" testName="Tests.Services.Units.PollServiceUnitTests.Vote_ShouldFail_WhenUserAlreadyVoted" computerName="Bence-Linux" duration="00:00:00.0884879" startTime="2026-04-23T13:34:25.7995322+02:00" endTime="2026-04-23T13:34:25.7995323+02:00" testType="13cdc9d9-ddb5-4fa4-a97d-d965ccfc6d4b" outcome="Passed" testListId="8c84fa94-04c1-424b-9868-57a2d4851a1d" relativeResultsDirectory="de248487-0ff9-4dfb-af9e-134445021d26" />
    <UnitTestResult executionId="465bb4ed-a647-4bef-bd48-4f40fc91dce7" testId="1059c3ee-4cdc-fadd-2ed6-25021659abdd" testName="Tests.Services.Units.DriverServiceUnitTests.GetDriverById_ShouldReturnDto_WithCorrectFields" computerName="Bence-Linux" duration="00:00:00.0107572" startTime="2026-04-23T13:34:20.7311964+02:00" endTime="2026-04-23T13:34:20.7311966+02:00" testType="13cdc9d9-ddb5-4fa4-a97d-d965ccfc6d4b" outcome="Passed" testListId="8c84fa94-04c1-424b-9868-57a2d4851a1d" relativeResultsDirectory="465bb4ed-a647-4bef-bd48-4f40fc91dce7" />
    <UnitTestResult executionId="d1eb8f6a-04bd-4a61-8037-06434d7b21f8" testId="83642a3d-a750-775b-57d2-e8736b62932e" testName="Tests.Services.Integrations.CommentIntegrationTests.GetUsersComments_ShouldReturnComments" computerName="Bence-Linux" duration="00:00:00.3220148" startTime="2026-04-23T13:34:25.4294067+02:00" endTime="2026-04-23T13:34:25.4294068+02:00" testType="13cdc9d9-ddb5-4fa4-a97d-d965ccfc6d4b" outcome="Passed" testListId="8c84fa94-04c1-424b-9868-57a2d4851a1d" relativeResultsDirectory="d1eb8f6a-04bd-4a61-8037-06434d7b21f8" />
    <UnitTestResult executionId="db65b5de-d794-4faf-bc05-e6a64733040d" testId="ef0069af-1a60-8d48-c1c6-4bdae90d3da9" testName="Tests.Services.Integrations.GrandPrixServiceIntegrationTests.Create_ShouldSucceed_AndPersistGrandPrix" computerName="Bence-Linux" duration="00:00:00.0775182" startTime="2026-04-23T13:34:31.5482633+02:00" endTime="2026-04-23T13:34:31.5482634+02:00" testType="13cdc9d9-ddb5-4fa4-a97d-d965ccfc6d4b" outcome="Passed" testListId="8c84fa94-04c1-424b-9868-57a2d4851a1d" relativeResultsDirectory="db65b5de-d794-4faf-bc05-e6a64733040d" />
    <UnitTestResult executionId="318191f1-38c2-4c96-a916-61b7d7312748" testId="43a04ea6-6b82-8ac6-0683-fe2e16bb9cbf" testName="Tests.Controllers.CommentsControllerTests.GetUsersComments_ShouldReturn200_WhenAuthenticated" computerName="Bence-Linux" duration="00:00:04.7559703" startTime="2026-04-23T13:34:26.9014869+02:00" endTime="2026-04-23T13:34:26.9014871+02:00" testType="13cdc9d9-ddb5-4fa4-a97d-d965ccfc6d4b" outcome="Passed" testListId="8c84fa94-04c1-424b-9868-57a2d4851a1d" relativeResultsDirectory="318191f1-38c2-4c96-a916-61b7d7312748" />
    <UnitTestResult executionId="870ca57b-bcab-4a88-a6f1-2b9059b23f11" testId="460e0e22-7544-f0e8-2f92-8030d7acf211" testName="Tests.Services.Integrations.ConstructorsIntegrationTests.GetById_ShouldSucceed_WithBrandAndNoDrivers" computerName="Bence-Linux" duration="00:00:00.0108216" startTime="2026-04-23T13:34:26.7214446+02:00" endTime="2026-04-23T13:34:26.7214448+02:00" testType="13cdc9d9-ddb5-4fa4-a97d-d965ccfc6d4b" outcome="Passed" testListId="8c84fa94-04c1-424b-9868-57a2d4851a1d" relativeResultsDirectory="870ca57b-bcab-4a88-a6f1-2b9059b23f11" />
    <UnitTestResult executionId="ba064d0e-714a-40cb-a3c7-79d7d21be768" testId="563a3acd-9f12-1cbf-4123-0902963d2473" testName="Tests.Services.Units.ArticleServiceUnitTests.Create_ShouldPassSummarySections_WhenProvided" computerName="Bence-Linux" duration="00:00:00.0624240" startTime="2026-04-23T13:34:21.3140100+02:00" endTime="2026-04-23T13:34:21.3140102+02:00" testType="13cdc9d9-ddb5-4fa4-a97d-d965ccfc6d4b" outcome="Passed" testListId="8c84fa94-04c1-424b-9868-57a2d4851a1d" relativeResultsDirectory="ba064d0e-714a-40cb-a3c7-79d7d21be768" />
    <UnitTestResult executionId="6d9d1f73-3563-4013-baad-4f2540a52ea1" testId="53c88e2f-09a5-e288-0945-6ba10575beae" testName="Tests.Controllers.AuthControllerTests.Register_ShouldReturn200_WithToken" computerName="Bence-Linux" duration="00:00:00.3581294" startTime="2026-04-23T13:34:36.3171286+02:00" endTime="2026-04-23T13:34:36.3171287+02:00" testType="13cdc9d9-ddb5-4fa4-a97d-d965ccfc6d4b" outcome="Passed" testListId="8c84fa94-04c1-424b-9868-57a2d4851a1d" relativeResultsDirectory="6d9d1f73-3563-4013-baad-4f2540a52ea1" />
    <UnitTestResult executionId="8edc8401-b51a-4b34-a647-bd829042d8da" testId="5b07946c-1936-33d7-4739-9d83c96f6dbd" testName="Tests.Services.Units.ArticleServiceUnitTests.GetArticleBySlug_ShouldReturnEmptyMiddleSections_WhenNotSummary" computerName="Bence-Linux" duration="00:00:00.0225368" startTime="2026-04-23T13:34:20.8211688+02:00" endTime="2026-04-23T13:34:20.8211692+02:00" testType="13cdc9d9-ddb5-4fa4-a97d-d965ccfc6d4b" outcome="Passed" testListId="8c84fa94-04c1-424b-9868-57a2d4851a1d" relativeResultsDirectory="8edc8401-b51a-4b34-a647-bd829042d8da" />
    <UnitTestResult executionId="aa83b6c9-04de-4e7a-ba94-6fadde549f3b" testId="d2171b01-8058-dcc9-8ad4-aa7515b269a0" testName="Tests.Services.Integrations.PollServiceIntegrationTests.Delete_ShouldFail_WhenPollNotFound" computerName="Bence-Linux" duration="00:00:00.0255809" startTime="2026-04-23T13:34:30.4342060+02:00" endTime="2026-04-23T13:34:30.4342063+02:00" testType="13cdc9d9-ddb5-4fa4-a97d-d965ccfc6d4b" outcome="Passed" testListId="8c84fa94-04c1-424b-9868-57a2d4851a1d" relativeResultsDirectory="aa83b6c9-04de-4e7a-ba94-6fadde549f3b" />
    <UnitTestResult executionId="777409eb-1a30-4f85-a051-f8a7cf913458" testId="d6a97099-df1a-c302-2b1a-2623f17d30b7" testName="Tests.Services.Units.ContractsServiceUnitTests.GetAllContracts_ShouldUseFallback_WhenDriverOrConstructorIsNull" computerName="Bence-Linux" duration="00:00:00.0027867" startTime="2026-04-23T13:34:30.6511337+02:00" endTime="2026-04-23T13:34:30.6511338+02:00" testType="13cdc9d9-ddb5-4fa4-a97d-d965ccfc6d4b" outcome="Passed" testListId="8c84fa94-04c1-424b-9868-57a2d4851a1d" relativeResultsDirectory="777409eb-1a30-4f85-a051-f8a7cf913458" />
    <UnitTestResult executionId="343981ba-a49f-4287-b28e-f1e37577651e" testId="b2d33b58-8620-de3e-616a-2ac2e8f1fdd1" testName="Tests.Services.Integrations.ArticleServiceIntegrationTests.GetArticleBySlug_ShouldReturnFailure_WhenSlugNotFound" computerName="Bence-Linux" duration="00:00:00.0090184" startTime="2026-04-23T13:34:25.4919274+02:00" endTime="2026-04-23T13:34:25.4919276+02:00" testType="13cdc9d9-ddb5-4fa4-a97d-d965ccfc6d4b" outcome="Passed" testListId="8c84fa94-04c1-424b-9868-57a2d4851a1d" relativeResultsDirectory="343981ba-a49f-4287-b28e-f1e37577651e" />
    <UnitTestResult executionId="f04d4585-14e3-4904-8ba1-3c2c3f7a8075" testId="a95c9fd7-63d8-e896-4c27-c37eaa37a5ad" testName="Tests.Controllers.ConstructorsControllerTests.Get_ShouldReturn400_WhenConstructorNotFound" computerName="Bence-Linux" duration="00:00:01.2974559" startTime="2026-04-23T13:34:32.3922711+02:00" endTime="2026-04-23T13:34:32.3922713+02:00" testType="13cdc9d9-ddb5-4fa4-a97d-d965ccfc6d4b" outcome="Passed" testListId="8c84fa94-04c1-424b-9868-57a2d4851a1d" relativeResultsDirectory="f04d4585-14e3-4904-8ba1-3c2c3f7a8075" />
    <UnitTestResult executionId="addee442-2e22-46a8-bcda-cd7bba3efc6b" testId="53286cee-c2b0-da69-5617-38387de2daba" testName="Tests.Services.Units.StandingsServiceUnitTests.GetGrandPrixContext_ShouldReturnAvailableSessions_ForF1" computerName="Bence-Linux" duration="00:00:00.0285869" startTime="2026-04-23T13:34:26.8952094+02:00" endTime="2026-04-23T13:34:26.8952096+02:00" testType="13cdc9d9-ddb5-4fa4-a97d-d965ccfc6d4b" outcome="Passed" testListId="8c84fa94-04c1-424b-9868-57a2d4851a1d" relativeResultsDirectory="addee442-2e22-46a8-bcda-cd7bba3efc6b" />
    <UnitTestResult executionId="8cb7a7dd-fe5a-4ddc-9442-32f26d68c5e2" testId="4d56c002-85bd-5232-e0da-291103b21df8" testName="Tests.Services.Units.ChampionshipServiceUnitTests.GetSeasonsBySeries_ShouldReturnYearLookups_OrderedDescending" computerName="Bence-Linux" duration="00:00:00.0150972" startTime="2026-04-23T13:34:21.5085380+02:00" endTime="2026-04-23T13:34:21.5085383+02:00" testType="13cdc9d9-ddb5-4fa4-a97d-d965ccfc6d4b" outcome="Passed" testListId="8c84fa94-04c1-424b-9868-57a2d4851a1d" relativeResultsDirectory="8cb7a7dd-fe5a-4ddc-9442-32f26d68c5e2" />
    <UnitTestResult executionId="ae5af952-65b0-450a-8104-7583c7d666d1" testId="e301ccd8-f6d1-58ca-830a-959fffce72ef" testName="Tests.Services.Units.CommentServiceUnitTests.UpdateCommentsContent_ShouldFail_WhenCommentNotFound" computerName="Bence-Linux" duration="00:00:00.0064767" startTime="2026-04-23T13:34:25.7814578+02:00" endTime="2026-04-23T13:34:25.7814580+02:00" testType="13cdc9d9-ddb5-4fa4-a97d-d965ccfc6d4b" outcome="Passed" testListId="8c84fa94-04c1-424b-9868-57a2d4851a1d" relativeResultsDirectory="ae5af952-65b0-450a-8104-7583c7d666d1" />
    <UnitTestResult executionId="d729ce7f-c41d-4fd9-b765-316decaa8ea1" testId="a6f7e80e-4348-4250-57d1-f110214705bf" testName="Tests.Controllers.ArticlesControllerTests.GetRecent_ShouldReturn200" computerName="Bence-Linux" duration="00:00:00.1958481" startTime="2026-04-23T13:34:27.5855574+02:00" endTime="2026-04-23T13:34:27.5855580+02:00" testType="13cdc9d9-ddb5-4fa4-a97d-d965ccfc6d4b" outcome="Passed" testListId="8c84fa94-04c1-424b-9868-57a2d4851a1d" relativeResultsDirectory="d729ce7f-c41d-4fd9-b765-316decaa8ea1" />
    <UnitTestResult executionId="95a101b0-d1f9-4c8e-bc5e-58e1060af899" testId="b24b4209-701b-6c9c-101b-42a6e8d74719" testName="Tests.Services.Integrations.ArticleServiceIntegrationTests.ListArticles_ShouldNotIncludeSummaries" computerName="Bence-Linux" duration="00:00:00.0160627" startTime="2026-04-23T13:34:25.4803065+02:00" endTime="2026-04-23T13:34:25.4803067+02:00" testType="13cdc9d9-ddb5-4fa4-a97d-d965ccfc6d4b" outcome="Passed" testListId="8c84fa94-04c1-424b-9868-57a2d4851a1d" relativeResultsDirectory="95a101b0-d1f9-4c8e-bc5e-58e1060af899" />
    <UnitTestResult executionId="996399fe-d520-4566-895a-1833ae048b28" testId="6d95b1a3-331d-d01d-12f5-dc905874987b" testName="Tests.Services.Units.GrandPrixServiceUnitTests.Update_ShouldSucceed_AndCallRepoUpdate" computerName="Bence-Linux" duration="00:00:00.0148023" startTime="2026-04-23T13:34:27.0491785+02:00" endTime="2026-04-23T13:34:27.0491787+02:00" testType="13cdc9d9-ddb5-4fa4-a97d-d965ccfc6d4b" outcome="Passed" testListId="8c84fa94-04c1-424b-9868-57a2d4851a1d" relativeResultsDirectory="996399fe-d520-4566-895a-1833ae048b28" />
    <UnitTestResult executionId="94107a12-e4e3-4c94-a362-90dd41cfc46b" testId="9082f02a-db12-7332-1403-2c6cbd13109e" testName="Tests.Services.Units.ConstructorsServiceUnitTests.Create_ShouldSetBrandId_WhenBrandExists" computerName="Bence-Linux" duration="00:00:00.1194337" startTime="2026-04-23T13:34:20.5251863+02:00" endTime="2026-04-23T13:34:20.5251866+02:00" testType="13cdc9d9-ddb5-4fa4-a97d-d965ccfc6d4b" outcome="Passed" testListId="8c84fa94-04c1-424b-9868-57a2d4851a1d" relativeResultsDirectory="94107a12-e4e3-4c94-a362-90dd41cfc46b" />
    <UnitTestResult executionId="3185250e-0fa0-41bc-a7fd-0c123a00d7b6" testId="4d2c9bee-5ae2-a9b0-119c-e7b52b5dae45" testName="Tests.Services.Units.AuthServiceUnitTests.Login_ShouldSucceed_WhenCredentialsAreCorrect" computerName="Bence-Linux" duration="00:00:00.7835781" startTime="2026-04-23T13:34:35.4701182+02:00" endTime="2026-04-23T13:34:35.4701183+02:00" testType="13cdc9d9-ddb5-4fa4-a97d-d965ccfc6d4b" outcome="Passed" testListId="8c84fa94-04c1-424b-9868-57a2d4851a1d" relativeResultsDirectory="3185250e-0fa0-41bc-a7fd-0c123a00d7b6" />
    <UnitTestResult executionId="44e7dade-8d3f-455e-a891-4f442e0b3e3a" testId="661f0f0e-504f-1a7f-6723-3e40cfb04824" testName="Tests.Services.Units.StandingsServiceUnitTests.GetConstructorStandings_ShouldFail_WhenChampionshipNotFound" computerName="Bence-Linux" duration="00:00:00.0045629" startTime="2026-04-23T13:34:26.7347067+02:00" endTime="2026-04-23T13:34:26.7347068+02:00" testType="13cdc9d9-ddb5-4fa4-a97d-d965ccfc6d4b" outcome="Passed" testListId="8c84fa94-04c1-424b-9868-57a2d4851a1d" relativeResultsDirectory="44e7dade-8d3f-455e-a891-4f442e0b3e3a" />
    <UnitTestResult executionId="5e44865d-e5ef-4eda-b6b5-7b2243bc0563" testId="d27fcfbe-6197-1f6c-a3e6-b383fa766124" testName="Tests.Services.Integrations.SeriesSeriesIntegrationTests.GetSeriesByName_ShouldFail_WhenSeriesNotFound" computerName="Bence-Linux" duration="00:00:00.0375034" startTime="2026-04-23T13:34:31.5872965+02:00" endTime="2026-04-23T13:34:31.5872967+02:00" testType="13cdc9d9-ddb5-4fa4-a97d-d965ccfc6d4b" outcome="Passed" testListId="8c84fa94-04c1-424b-9868-57a2d4851a1d" relativeResultsDirectory="5e44865d-e5ef-4eda-b6b5-7b2243bc0563" />
    <UnitTestResult executionId="eda41e92-49df-4561-8f21-d35531f2ae71" testId="e7561445-7d8c-3923-7023-6f49a48f386d" testName="Tests.Services.Units.StandingsServiceUnitTests.GetDriverStandings_ShouldGroupByDriver_AndSumPoints" computerName="Bence-Linux" duration="00:00:00.0272791" startTime="2026-04-23T13:34:26.8052403+02:00" endTime="2026-04-23T13:34:26.8052404+02:00" testType="13cdc9d9-ddb5-4fa4-a97d-d965ccfc6d4b" outcome="Passed" testListId="8c84fa94-04c1-424b-9868-57a2d4851a1d" relativeResultsDirectory="eda41e92-49df-4561-8f21-d35531f2ae71" />
    <UnitTestResult executionId="14ec8d07-c2af-4f82-8c2d-f8423b082983" testId="5b4b25e3-20f7-1c44-5b4f-e76a610d7368" testName="Tests.Services.Integrations.ConstructorsIntegrationTests.GetById_ShouldIncludeDrivers_WhenContractsExist" computerName="Bence-Linux" duration="00:00:00.3532427" startTime="2026-04-23T13:34:26.6183921+02:00" endTime="2026-04-23T13:34:26.6183922+02:00" testType="13cdc9d9-ddb5-4fa4-a97d-d965ccfc6d4b" outcome="Passed" testListId="8c84fa94-04c1-424b-9868-57a2d4851a1d" relativeResultsDirectory="14ec8d07-c2af-4f82-8c2d-f8423b082983" />
    <UnitTestResult executionId="310fd5cf-9bef-462a-b3bc-7604c46712e5" testId="2eab64fd-5280-793b-f63f-2a715fe18e8a" testName="Tests.Services.Units.AuthServiceUnitTests.Register_ShouldFail_WhenUsernameAlreadyTaken" computerName="Bence-Linux" duration="00:00:00.0121675" startTime="2026-04-23T13:34:21.6437805+02:00" endTime="2026-04-23T13:34:21.6437808+02:00" testType="13cdc9d9-ddb5-4fa4-a97d-d965ccfc6d4b" outcome="Passed" testListId="8c84fa94-04c1-424b-9868-57a2d4851a1d" relativeResultsDirectory="310fd5cf-9bef-462a-b3bc-7604c46712e5" />
    <UnitTestResult executionId="bf57dabc-34b0-45c5-95f9-144b4b78b151" testId="4f6a5120-deca-37c1-497f-51d8da7efa13" testName="Tests.Services.Integrations.GrandPrixServiceIntegrationTests.GetAllCircuits_ShouldReturnAll" computerName="Bence-Linux" duration="00:00:00.0138684" startTime="2026-04-23T13:34:31.1193237+02:00" endTime="2026-04-23T13:34:31.1193238+02:00" testType="13cdc9d9-ddb5-4fa4-a97d-d965ccfc6d4b" outcome="Passed" testListId="8c84fa94-04c1-424b-9868-57a2d4851a1d" relativeResultsDirectory="bf57dabc-34b0-45c5-95f9-144b4b78b151" />
    <UnitTestResult executionId="f976e5d8-872b-4a2b-b99b-e084bbebeda8" testId="909000e8-0409-d58c-6061-715b3e8fd5ab" testName="Tests.Services.Integrations.ContractsIntegrationTests.GetAllContracts_ShouldReturnAll_OrderedByTeamName" computerName="Bence-Linux" duration="00:00:00.0121567" startTime="2026-04-23T13:34:26.5866740+02:00" endTime="2026-04-23T13:34:26.5866742+02:00" testType="13cdc9d9-ddb5-4fa4-a97d-d965ccfc6d4b" outcome="Passed" testListId="8c84fa94-04c1-424b-9868-57a2d4851a1d" relativeResultsDirectory="f976e5d8-872b-4a2b-b99b-e084bbebeda8" />
    <UnitTestResult executionId="57101c5e-3729-47fe-bfa8-b0976a72d69f" testId="83907c6c-d9a0-f3a5-5c2a-cde27524550b" testName="Tests.Services.Units.PollServiceUnitTests.GetPollsByCreatorId_ShouldReturnPolls_ForGivenCreator" computerName="Bence-Linux" duration="00:00:00.0224933" startTime="2026-04-23T13:34:25.8646268+02:00" endTime="2026-04-23T13:34:25.8646271+02:00" testType="13cdc9d9-ddb5-4fa4-a97d-d965ccfc6d4b" outcome="Passed" testListId="8c84fa94-04c1-424b-9868-57a2d4851a1d" relativeResultsDirectory="57101c5e-3729-47fe-bfa8-b0976a72d69f" />
    <UnitTestResult executionId="f7f04d24-e9b5-40bc-b968-57b1463a284d" testId="cbe57269-e056-4009-da23-e83f5be5e418" testName="Tests.Services.Units.GrandPrixServiceUnitTests.Update_ShouldFail_WhenGrandPrixNotFound" computerName="Bence-Linux" duration="00:00:00.0092395" startTime="2026-04-23T13:34:27.0044224+02:00" endTime="2026-04-23T13:34:27.0044226+02:00" testType="13cdc9d9-ddb5-4fa4-a97d-d965ccfc6d4b" outcome="Passed" testListId="8c84fa94-04c1-424b-9868-57a2d4851a1d" relativeResultsDirectory="f7f04d24-e9b5-40bc-b968-57b1463a284d" />
    <UnitTestResult executionId="e034d1bf-4dfc-4d6c-8e55-80f977dd11dd" testId="81c66ae2-f28d-1e0d-ae43-e46d6e47d8cd" testName="Tests.Services.Units.ArticleServiceUnitTests.Update_ShouldUpdateSummarySections_WhenProvided" computerName="Bence-Linux" duration="00:00:00.0174453" startTime="2026-04-23T13:34:21.0719089+02:00" endTime="2026-04-23T13:34:21.0719092+02:00" testType="13cdc9d9-ddb5-4fa4-a97d-d965ccfc6d4b" outcome="Passed" testListId="8c84fa94-04c1-424b-9868-57a2d4851a1d" relativeResultsDirectory="e034d1bf-4dfc-4d6c-8e55-80f977dd11dd" />
    <UnitTestResult executionId="e03aa193-2e87-4937-bcf0-7bcc46da0671" testId="709c8169-e54f-97ce-03c1-32af4a9c3a97" testName="Tests.Services.Units.AuthServiceUnitTests.GetUserById_ShouldFail_WhenUserNotFound" computerName="Bence-Linux" duration="00:00:00.0058441" startTime="2026-04-23T13:34:32.1146186+02:00" endTime="2026-04-23T13:34:32.1146188+02:00" testType="13cdc9d9-ddb5-4fa4-a97d-d965ccfc6d4b" outcome="Passed" testListId="8c84fa94-04c1-424b-9868-57a2d4851a1d" relativeResultsDirectory="e03aa193-2e87-4937-bcf0-7bcc46da0671" />
    <UnitTestResult executionId="a1afdc95-44c9-4390-989c-c26138ca7e35" testId="ecac3703-22a8-3899-e5f6-a408285cd5d8" testName="Tests.Services.Units.PollServiceUnitTests.Vote_ShouldFail_WhenPollNotFound" computerName="Bence-Linux" duration="00:00:00.0107861" startTime="2026-04-23T13:34:25.8105076+02:00" endTime="2026-04-23T13:34:25.8105077+02:00" testType="13cdc9d9-ddb5-4fa4-a97d-d965ccfc6d4b" outcome="Passed" testListId="8c84fa94-04c1-424b-9868-57a2d4851a1d" relativeResultsDirectory="a1afdc95-44c9-4390-989c-c26138ca7e35" />
    <UnitTestResult executionId="921637fe-9926-4799-8fc2-4a3b4fe8667a" testId="98bc9387-34a3-27ba-3a8b-ab51fdc64367" testName="Tests.Services.Integrations.AuthServiceIntegrationTests.Login_ShouldFail_WhenEmailNotFound" computerName="Bence-Linux" duration="00:00:00.0018328" startTime="2026-04-23T13:34:39.5742325+02:00" endTime="2026-04-23T13:34:39.5742326+02:00" testType="13cdc9d9-ddb5-4fa4-a97d-d965ccfc6d4b" outcome="Passed" testListId="8c84fa94-04c1-424b-9868-57a2d4851a1d" relativeResultsDirectory="921637fe-9926-4799-8fc2-4a3b4fe8667a" />
    <UnitTestResult executionId="35afd474-4028-4201-86ff-84118d830cef" testId="eca12053-841b-4e80-c9bb-98dc797e74c5" testName="Tests.Controllers.AuthControllerTests.Register_ShouldReturn400_WhenUsernameTaken" computerName="Bence-Linux" duration="00:00:00.4318660" startTime="2026-04-23T13:34:35.9584596+02:00" endTime="2026-04-23T13:34:35.9584597+02:00" testType="13cdc9d9-ddb5-4fa4-a97d-d965ccfc6d4b" outcome="Passed" testListId="8c84fa94-04c1-424b-9868-57a2d4851a1d" relativeResultsDirectory="35afd474-4028-4201-86ff-84118d830cef" />
    <UnitTestResult executionId="bd679151-7e45-40da-b1fc-432626ce1867" testId="77354a5f-3e3e-523b-6c03-8bbdf23b9e95" testName="Tests.Services.Integrations.ContractsIntegrationTests.Delete_ShouldOnlyDeleteTargetContract" computerName="Bence-Linux" duration="00:00:00.0065279" startTime="2026-04-23T13:34:26.5992613+02:00" endTime="2026-04-23T13:34:26.5992616+02:00" testType="13cdc9d9-ddb5-4fa4-a97d-d965ccfc6d4b" outcome="Passed" testListId="8c84fa94-04c1-424b-9868-57a2d4851a1d" relativeResultsDirectory="bd679151-7e45-40da-b1fc-432626ce1867" />
    <UnitTestResult executionId="1cfa802b-2e9a-44e4-a8f4-1fa3ffa5887d" testId="684ac2f6-1b5f-0799-dec4-d0ec884fcb63" testName="Tests.Services.Units.ConstructorsServiceUnitTests.Update_ShouldNotCheckBrand_WhenBrandIdUnchanged" computerName="Bence-Linux" duration="00:00:00.0239200" startTime="2026-04-23T13:34:20.6572038+02:00" endTime="2026-04-23T13:34:20.6572040+02:00" testType="13cdc9d9-ddb5-4fa4-a97d-d965ccfc6d4b" outcome="Passed" testListId="8c84fa94-04c1-424b-9868-57a2d4851a1d" relativeResultsDirectory="1cfa802b-2e9a-44e4-a8f4-1fa3ffa5887d" />
    <UnitTestResult executionId="6d909b68-a8ec-4b7b-9cfc-34a118524bb3" testId="95d03a67-99ac-f392-d9cb-2b5c2c69176b" testName="Tests.Controllers.SeriesControllerTests.GetAllSeries_ShouldReturn200" computerName="Bence-Linux" duration="00:00:00.1049502" startTime="2026-04-23T13:34:28.3511868+02:00" endTime="2026-04-23T13:34:28.3511874+02:00" testType="13cdc9d9-ddb5-4fa4-a97d-d965ccfc6d4b" outcome="Passed" testListId="8c84fa94-04c1-424b-9868-57a2d4851a1d" relativeResultsDirectory="6d909b68-a8ec-4b7b-9cfc-34a118524bb3" />
    <UnitTestResult executionId="48bcc824-74c3-43fe-b71a-0ab40cd74805" testId="88b1e039-57b8-8b91-3a7e-2cbe12df9056" testName="Tests.Services.Integrations.AuthServiceIntegrationTests.UpdateUserInfo_ShouldFail_WhenUserNotFound" computerName="Bence-Linux" duration="00:00:00.0015444" startTime="2026-04-23T13:34:39.5758873+02:00" endTime="2026-04-23T13:34:39.5758873+02:00" testType="13cdc9d9-ddb5-4fa4-a97d-d965ccfc6d4b" outcome="Passed" testListId="8c84fa94-04c1-424b-9868-57a2d4851a1d" relativeResultsDirectory="48bcc824-74c3-43fe-b71a-0ab40cd74805" />
    <UnitTestResult executionId="9d00cafa-1eeb-439a-af9f-cf24e04b6cc7" testId="8a2f1687-9229-a1b0-3117-1e75387818ba" testName="Tests.Services.Units.SeriesServiceUnitTests.GetSeriesByName_ShouldReturnEmptySeasons_WhenNoChampionshipsExist" computerName="Bence-Linux" duration="00:00:00.0105044" startTime="2026-04-23T13:34:20.6574449+02:00" endTime="2026-04-23T13:34:20.6574450+02:00" testType="13cdc9d9-ddb5-4fa4-a97d-d965ccfc6d4b" outcome="Passed" testListId="8c84fa94-04c1-424b-9868-57a2d4851a1d" relativeResultsDirectory="9d00cafa-1eeb-439a-af9f-cf24e04b6cc7" />
    <UnitTestResult executionId="0d56209a-e114-4973-9d91-a4102dee2601" testId="b2201336-c9fe-31bd-404b-03a009ef03e6" testName="Tests.Controllers.DriversControllerTests.Create_ShouldReturn200_WhenValid" computerName="Bence-Linux" duration="00:00:00.8761075" startTime="2026-04-23T13:34:34.5633995+02:00" endTime="2026-04-23T13:34:34.5633997+02:00" testType="13cdc9d9-ddb5-4fa4-a97d-d965ccfc6d4b" outcome="Passed" testListId="8c84fa94-04c1-424b-9868-57a2d4851a1d" relativeResultsDirectory="0d56209a-e114-4973-9d91-a4102dee2601" />
    <UnitTestResult executionId="73076d7d-9dd6-433a-88e6-0a7089854438" testId="fa48c799-ac50-70eb-e33a-81e36c111952" testName="Tests.Services.Units.SeriesServiceUnitTests.GetSeriesByName_ShouldReturnSeriesDetail_WithAvailableSeasons" computerName="Bence-Linux" duration="00:00:00.0475885" startTime="2026-04-23T13:34:20.6264010+02:00" endTime="2026-04-23T13:34:20.6264012+02:00" testType="13cdc9d9-ddb5-4fa4-a97d-d965ccfc6d4b" outcome="Passed" testListId="8c84fa94-04c1-424b-9868-57a2d4851a1d" relativeResultsDirectory="73076d7d-9dd6-433a-88e6-0a7089854438" />
    <UnitTestResult executionId="9667453c-bcb7-4b1f-ac81-a45b3203dd39" testId="17cecc4d-8e1e-7fad-18d1-8659f86868e9" testName="Tests.Services.Units.AuthServiceUnitTests.Register_ShouldFail_WhenEmailAlreadyTaken" computerName="Bence-Linux" duration="00:00:00.0050100" startTime="2026-04-23T13:34:27.8568264+02:00" endTime="2026-04-23T13:34:27.8568267+02:00" testType="13cdc9d9-ddb5-4fa4-a97d-d965ccfc6d4b" outcome="Passed" testListId="8c84fa94-04c1-424b-9868-57a2d4851a1d" relativeResultsDirectory="9667453c-bcb7-4b1f-ac81-a45b3203dd39" />
    <UnitTestResult executionId="27c3dc4e-5669-4610-a8ff-bd3d9d2056d4" testId="04f4f7a3-424c-b062-f226-369887f3f75a" testName="Tests.Services.Integrations.ArticleServiceIntegrationTests.GetArticleBySlug_RegularArticle_ShouldHaveNoMiddleSections" computerName="Bence-Linux" duration="00:00:00.0099291" startTime="2026-04-23T13:34:25.7052622+02:00" endTime="2026-04-23T13:34:25.7052624+02:00" testType="13cdc9d9-ddb5-4fa4-a97d-d965ccfc6d4b" outcome="Passed" testListId="8c84fa94-04c1-424b-9868-57a2d4851a1d" relativeResultsDirectory="27c3dc4e-5669-4610-a8ff-bd3d9d2056d4" />
    <UnitTestResult executionId="fad7927d-1a3f-43de-bf81-6c18d96d2eba" testId="977114f6-9b93-616f-24d2-f019fa24f3d2" testName="Tests.Services.Units.ConstructorsServiceUnitTests.Update_ShouldFail_WhenConstructorNotFound" computerName="Bence-Linux" duration="00:00:00.0035448" startTime="2026-04-23T13:34:20.8292837+02:00" endTime="2026-04-23T13:34:20.8292839+02:00" testType="13cdc9d9-ddb5-4fa4-a97d-d965ccfc6d4b" outcome="Passed" testListId="8c84fa94-04c1-424b-9868-57a2d4851a1d" relativeResultsDirectory="fad7927d-1a3f-43de-bf81-6c18d96d2eba" />
    <UnitTestResult executionId="171a395f-f973-4610-b5f5-b7c2c56f31ed" testId="1b3a2c47-550e-0481-b9bc-3f640e1573e2" testName="Tests.Controllers.AuthControllerTests.Login_ShouldReturn401_WhenEmailNotFound" computerName="Bence-Linux" duration="00:00:00.0054189" startTime="2026-04-23T13:34:36.3269144+02:00" endTime="2026-04-23T13:34:36.3269145+02:00" testType="13cdc9d9-ddb5-4fa4-a97d-d965ccfc6d4b" outcome="Passed" testListId="8c84fa94-04c1-424b-9868-57a2d4851a1d" relativeResultsDirectory="171a395f-f973-4610-b5f5-b7c2c56f31ed" />
    <UnitTestResult executionId="e20a772b-e583-4afa-b3d8-1272808aaba5" testId="51b33a3b-6e8d-ad27-65bd-3b0b587b82b1" testName="Tests.Services.Integrations.GrandPrixServiceIntegrationTests.Create_ShouldFail_WhenSeriesNotFound" computerName="Bence-Linux" duration="00:00:00.0129914" startTime="2026-04-23T13:34:31.4621879+02:00" endTime="2026-04-23T13:34:31.4621882+02:00" testType="13cdc9d9-ddb5-4fa4-a97d-d965ccfc6d4b" outcome="Passed" testListId="8c84fa94-04c1-424b-9868-57a2d4851a1d" relativeResultsDirectory="e20a772b-e583-4afa-b3d8-1272808aaba5" />
    <UnitTestResult executionId="00e92193-fb39-41e4-bba9-c89a8603cbf3" testId="f0244158-f25e-4485-2285-f332a5ed26ff" testName="Tests.Controllers.ArticlesControllerTests.GetAllSummary_ShouldReturn200" computerName="Bence-Linux" duration="00:00:00.3938542" startTime="2026-04-23T13:34:27.1657462+02:00" endTime="2026-04-23T13:34:27.1657464+02:00" testType="13cdc9d9-ddb5-4fa4-a97d-d965ccfc6d4b" outcome="Passed" testListId="8c84fa94-04c1-424b-9868-57a2d4851a1d" relativeResultsDirectory="00e92193-fb39-41e4-bba9-c89a8603cbf3" />
    <UnitTestResult executionId="44bd672c-30fb-4ba7-90ba-0e445ee8c9a4" testId="bb478399-f1b8-557d-cdd6-d3cc8b80c585" testName="Tests.Controllers.CommentsControllerTests.Delete_ShouldReturn404_WhenCommentNotFound" computerName="Bence-Linux" duration="00:00:01.2301564" startTime="2026-04-23T13:34:31.3791801+02:00" endTime="2026-04-23T13:34:31.3791804+02:00" testType="13cdc9d9-ddb5-4fa4-a97d-d965ccfc6d4b" outcome="Passed" testListId="8c84fa94-04c1-424b-9868-57a2d4851a1d" relativeResultsDirectory="44bd672c-30fb-4ba7-90ba-0e445ee8c9a4" />
    <UnitTestResult executionId="d8cf4c04-97f2-4301-9ab5-d55c9a6a821c" testId="263d58f1-bbbd-a4d6-8222-e774bbc83787" testName="Tests.Services.Units.ChampionshipServiceUnitTests.CreateParticipations_ShouldFail_WhenConstructorNotFound" computerName="Bence-Linux" duration="00:00:00.0117521" startTime="2026-04-23T13:34:21.4927445+02:00" endTime="2026-04-23T13:34:21.4927448+02:00" testType="13cdc9d9-ddb5-4fa4-a97d-d965ccfc6d4b" outcome="Passed" testListId="8c84fa94-04c1-424b-9868-57a2d4851a1d" relativeResultsDirectory="d8cf4c04-97f2-4301-9ab5-d55c9a6a821c" />
    <UnitTestResult executionId="6cfbd1c7-abbd-4a2e-93ba-8f3389ffcb82" testId="921cfc02-fd42-6580-c41a-f9a750810931" testName="Tests.Controllers.ArticlesControllerTests.GetBySlug_ShouldReturn400_WhenNotFound" computerName="Bence-Linux" duration="00:00:00.1473167" startTime="2026-04-23T13:34:27.3168023+02:00" endTime="2026-04-23T13:34:27.3168025+02:00" testType="13cdc9d9-ddb5-4fa4-a97d-d965ccfc6d4b" outcome="Passed" testListId="8c84fa94-04c1-424b-9868-57a2d4851a1d" relativeResultsDirectory="6cfbd1c7-abbd-4a2e-93ba-8f3389ffcb82" />
    <UnitTestResult executionId="10ecd4a9-4290-4344-9260-046204fb8442" testId="83fbdda5-c911-aaa0-5cae-85e215539380" testName="Tests.Services.Integrations.AuthServiceIntegrationTests.Logout_ShouldSucceed_AndSetIsLoggedInFalse" computerName="Bence-Linux" duration="00:00:00.2569385" startTime="2026-04-23T13:34:39.5723339+02:00" endTime="2026-04-23T13:34:39.5723340+02:00" testType="13cdc9d9-ddb5-4fa4-a97d-d965ccfc6d4b" outcome="Passed" testListId="8c84fa94-04c1-424b-9868-57a2d4851a1d" relativeResultsDirectory="10ecd4a9-4290-4344-9260-046204fb8442" />
    <UnitTestResult executionId="0bd9e5e6-23ff-4788-b2c5-45c3558e2450" testId="b69db29f-75ef-a827-90be-4a6f98e4b1bf" testName="Tests.Services.Integrations.ChampionshipIntegrationTests.UpdateChampionshipStatus_ShouldFail_WhenDriversChampNotFound" computerName="Bence-Linux" duration="00:00:00.0221585" startTime="2026-04-23T13:34:31.6580836+02:00" endTime="2026-04-23T13:34:31.6580838+02:00" testType="13cdc9d9-ddb5-4fa4-a97d-d965ccfc6d4b" outcome="Passed" testListId="8c84fa94-04c1-424b-9868-57a2d4851a1d" relativeResultsDirectory="0bd9e5e6-23ff-4788-b2c5-45c3558e2450" />
    <UnitTestResult executionId="7e27525e-c155-4ac0-a885-e692dd5e465c" testId="4636be70-9e90-4e75-9810-3ec4f428fb31" testName="Tests.Controllers.ArticlesControllerTests.Create_ShouldReturn401_WhenNotAuthenticated" computerName="Bence-Linux" duration="00:00:00.0185740" startTime="2026-04-23T13:34:27.3872999+02:00" endTime="2026-04-23T13:34:27.3873001+02:00" testType="13cdc9d9-ddb5-4fa4-a97d-d965ccfc6d4b" outcome="Passed" testListId="8c84fa94-04c1-424b-9868-57a2d4851a1d" relativeResultsDirectory="7e27525e-c155-4ac0-a885-e692dd5e465c" />
    <UnitTestResult executionId="b2a77307-96e3-470b-a877-aa0408829143" testId="5536d829-f2e8-3804-85ff-14eb72a1c5ea" testName="Tests.Services.Units.PollServiceUnitTests.GetPollById_ShouldReturnPollDto_WithCorrectFields" computerName="Bence-Linux" duration="00:00:00.0304353" startTime="2026-04-23T13:34:26.0851603+02:00" endTime="2026-04-23T13:34:26.0851605+02:00" testType="13cdc9d9-ddb5-4fa4-a97d-d965ccfc6d4b" outcome="Passed" testListId="8c84fa94-04c1-424b-9868-57a2d4851a1d" relativeResultsDirectory="b2a77307-96e3-470b-a877-aa0408829143" />
    <UnitTestResult executionId="e0499ebe-bc76-4a83-b73c-bcc364965d9d" testId="947a2b5b-412d-9fc8-8d72-5db0832de5f0" testName="Tests.Services.Units.GrandPrixServiceUnitTests.Create_ShouldSucceed_AndCallRepoCreate" computerName="Bence-Linux" duration="00:00:00.0329150" startTime="2026-04-23T13:34:27.1278419+02:00" endTime="2026-04-23T13:34:27.1278421+02:00" testType="13cdc9d9-ddb5-4fa4-a97d-d965ccfc6d4b" outcome="Passed" testListId="8c84fa94-04c1-424b-9868-57a2d4851a1d" relativeResultsDirectory="e0499ebe-bc76-4a83-b73c-bcc364965d9d" />
    <UnitTestResult executionId="bec01794-0792-454a-95b8-b95fbab41085" testId="fc770b28-c2fd-b18b-d8b1-5843a18252ef" testName="Tests.Controllers.ContractsControllerTests.GetAll_ShouldReturn401_WhenNotAuthenticated" computerName="Bence-Linux" duration="00:00:02.6097133" startTime="2026-04-23T13:34:22.1348597+02:00" endTime="2026-04-23T13:34:22.1348598+02:00" testType="13cdc9d9-ddb5-4fa4-a97d-d965ccfc6d4b" outcome="Passed" testListId="8c84fa94-04c1-424b-9868-57a2d4851a1d" relativeResultsDirectory="bec01794-0792-454a-95b8-b95fbab41085" />
    <UnitTestResult executionId="a6b693fe-ce3d-47a1-be77-aab52b82229b" testId="ae2ef591-2eab-bfc1-c3f1-466f3dc6d069" testName="Tests.Services.Integrations.DriverServiceIntegrationTests.Update_ShouldFail_WhenDriverNotFound" computerName="Bence-Linux" duration="00:00:00.0035914" startTime="2026-04-23T13:34:27.3306611+02:00" endTime="2026-04-23T13:34:27.3306613+02:00" testType="13cdc9d9-ddb5-4fa4-a97d-d965ccfc6d4b" outcome="Passed" testListId="8c84fa94-04c1-424b-9868-57a2d4851a1d" relativeResultsDirectory="a6b693fe-ce3d-47a1-be77-aab52b82229b" />
    <UnitTestResult executionId="5e4d97f8-0db4-4f2d-b7a5-780debfaa9a3" testId="20fd3ee6-5b66-9993-8296-862ec96d5194" testName="Tests.Services.Units.ChampionshipServiceUnitTests.GetGrandsPrixByChampionship_ShouldReturnGrandsPrix_OrderedByRoundNumber" computerName="Bence-Linux" duration="00:00:00.0181715" startTime="2026-04-23T13:34:21.6308213+02:00" endTime="2026-04-23T13:34:21.6308216+02:00" testType="13cdc9d9-ddb5-4fa4-a97d-d965ccfc6d4b" outcome="Passed" testListId="8c84fa94-04c1-424b-9868-57a2d4851a1d" relativeResultsDirectory="5e4d97f8-0db4-4f2d-b7a5-780debfaa9a3" />
    <UnitTestResult executionId="126c1a80-2310-4038-a4c7-0e8aee3812b1" testId="df32e2ca-53ec-3360-bc0a-9bec058b2d13" testName="Tests.Controllers.GrandPrixControllerTests.Create_ShouldReturn401_WhenNotAuthenticated" computerName="Bence-Linux" duration="00:00:00.0268638" startTime="2026-04-23T13:34:27.1034820+02:00" endTime="2026-04-23T13:34:27.1034822+02:00" testType="13cdc9d9-ddb5-4fa4-a97d-d965ccfc6d4b" outcome="Passed" testListId="8c84fa94-04c1-424b-9868-57a2d4851a1d" relativeResultsDirectory="126c1a80-2310-4038-a4c7-0e8aee3812b1" />
    <UnitTestResult executionId="36da1b27-c326-464a-a4ed-1a54527f9859" testId="8d745422-4e19-b107-a016-88caab16e47a" testName="Tests.Services.Units.ArticleServiceUnitTests.GetArticleById_ShouldReturnArticle_WhenExists" computerName="Bence-Linux" duration="00:00:00.0137051" startTime="2026-04-23T13:34:20.8360479+02:00" endTime="2026-04-23T13:34:20.8360481+02:00" testType="13cdc9d9-ddb5-4fa4-a97d-d965ccfc6d4b" outcome="Passed" testListId="8c84fa94-04c1-424b-9868-57a2d4851a1d" relativeResultsDirectory="36da1b27-c326-464a-a4ed-1a54527f9859" />
    <UnitTestResult executionId="d4b1d730-e352-4aa4-835b-78f3be43df87" testId="e6ca688e-a782-7fbf-b899-de98952cc892" testName="Tests.Services.Integrations.ArticleServiceIntegrationTests.GetArticleBySlug_Summary_ShouldContainMiddleSections" computerName="Bence-Linux" duration="00:00:00.0185268" startTime="2026-04-23T13:34:24.9639968+02:00" endTime="2026-04-23T13:34:24.9639971+02:00" testType="13cdc9d9-ddb5-4fa4-a97d-d965ccfc6d4b" outcome="Passed" testListId="8c84fa94-04c1-424b-9868-57a2d4851a1d" relativeResultsDirectory="d4b1d730-e352-4aa4-835b-78f3be43df87" />
[...]
    <TestEntry testId="de7b8da1-d553-1b61-794d-777377267f53" executionId="18332599-613e-445a-a7a4-31b2b61a82f2" testListId="8c84fa94-04c1-424b-9868-57a2d4851a1d" />
    <TestEntry testId="d5fcc43c-2f89-b88c-09e5-11dc2f083170" executionId="e0df20bb-45cf-47ac-a5bb-6954adb610bb" testListId="8c84fa94-04c1-424b-9868-57a2d4851a1d" />
    <TestEntry testId="62034250-122c-3c78-820e-7807c1b80963" executionId="9dc64c47-23b9-4ae0-826b-ee49cc1cb9aa" testListId="8c84fa94-04c1-424b-9868-57a2d4851a1d" />
    <TestEntry testId="0ac37195-9b38-59dd-f48e-62f383e91228" executionId="48e078f2-c0e0-492d-829d-5f2b3237f1e9" testListId="8c84fa94-04c1-424b-9868-57a2d4851a1d" />
    <TestEntry testId="a2db6924-d887-b95c-50b5-b9de6005bb34" executionId="6c0283d5-8c13-463c-9bf7-9b6a7a86aa7e" testListId="8c84fa94-04c1-424b-9868-57a2d4851a1d" />
    <TestEntry testId="0f896fc8-4e10-9cf8-56e3-fc3d6624164d" executionId="80009d38-04ab-4ff6-b643-951544a84153" testListId="8c84fa94-04c1-424b-9868-57a2d4851a1d" />
    <TestEntry testId="bbcadd8d-4b90-4e63-14dc-fdc32b906b8a" executionId="8eded7c1-a8db-41b9-9609-6f5bf8bb3bc8" testListId="8c84fa94-04c1-424b-9868-57a2d4851a1d" />
    <TestEntry testId="0ebd4931-89d8-1612-3821-157310554955" executionId="33b9519b-246f-4460-bd7f-c9e19531b3c2" testListId="8c84fa94-04c1-424b-9868-57a2d4851a1d" />
    <TestEntry testId="825d250f-5f90-2d91-9772-5e6db085549d" executionId="5ab96cd6-634c-42cc-9ae3-077871857538" testListId="8c84fa94-04c1-424b-9868-57a2d4851a1d" />
    <TestEntry testId="c48038a1-0291-ed21-5973-2447b8e937ac" executionId="b030c37e-c0e5-4cc7-9135-5dc893684b16" testListId="8c84fa94-04c1-424b-9868-57a2d4851a1d" />
    <TestEntry testId="4eb41e6c-80de-b73f-9263-36a6b309c237" executionId="49b13abd-5608-40f1-9460-1a968c45f600" testListId="8c84fa94-04c1-424b-9868-57a2d4851a1d" />
    <TestEntry testId="fc511d07-2e8d-ce54-0fcf-e14830a2d488" executionId="14479c7c-7958-42cc-ae71-708f971bcd3d" testListId="8c84fa94-04c1-424b-9868-57a2d4851a1d" />
    <TestEntry testId="7385a46d-14ca-2426-99be-43654937f94c" executionId="d67bfa75-d609-4dc2-9174-a202639a5aa7" testListId="8c84fa94-04c1-424b-9868-57a2d4851a1d" />
    <TestEntry testId="ff228033-578d-73ea-3c97-6c95f955b3ba" executionId="b2b4c97f-134d-474d-81e7-38b7dce48646" testListId="8c84fa94-04c1-424b-9868-57a2d4851a1d" />
    <TestEntry testId="874e9e56-70bb-bc45-4d0a-9f48ad76ddb7" executionId="5737c1e8-6919-4801-8565-94710f42cc75" testListId="8c84fa94-04c1-424b-9868-57a2d4851a1d" />
    <TestEntry testId="b2cfbd9c-c5bd-2892-daeb-cfc81f247eb1" executionId="76d52110-f92b-43cc-a022-17a031cf9177" testListId="8c84fa94-04c1-424b-9868-57a2d4851a1d" />
    <TestEntry testId="d79d7cd3-ccd2-eaa4-103d-b766c4753265" executionId="ed2d25e0-d25a-45b9-b55b-a13985101a7f" testListId="8c84fa94-04c1-424b-9868-57a2d4851a1d" />
    <TestEntry testId="f5dca2ca-7314-1997-8be6-2fb023401229" executionId="e4d3d81e-b30e-495c-9cbf-fdb91880f611" testListId="8c84fa94-04c1-424b-9868-57a2d4851a1d" />
    <TestEntry testId="ff132597-d176-2dbd-fc49-063ca0603612" executionId="c130890d-5bd8-4db0-9707-6d84c6fb5b3d" testListId="8c84fa94-04c1-424b-9868-57a2d4851a1d" />
    <TestEntry testId="d5386573-ae77-3a39-02d4-9f868cd3df78" executionId="2955e898-5b2f-4de3-a0c2-759c52f4c389" testListId="8c84fa94-04c1-424b-9868-57a2d4851a1d" />
    <TestEntry testId="041d371a-426b-5973-f864-4c0c1cc41667" executionId="4595cd8b-61ce-4a11-b310-372f27a4783f" testListId="8c84fa94-04c1-424b-9868-57a2d4851a1d" />
    <TestEntry testId="51b5a74e-2d68-3258-b2f6-bb93fca634d3" executionId="85ddc9d0-e308-405d-bdac-312d5e5068a6" testListId="8c84fa94-04c1-424b-9868-57a2d4851a1d" />
    <TestEntry testId="65a3ddb2-d9c5-bf76-4d73-d9b4c00bce95" executionId="531bc89b-4167-48e3-b88b-636386d76610" testListId="8c84fa94-04c1-424b-9868-57a2d4851a1d" />
    <TestEntry testId="2b34ce9e-c681-2065-d3c2-f2647510a908" executionId="465a813d-cd43-442d-8577-e314a142123b" testListId="8c84fa94-04c1-424b-9868-57a2d4851a1d" />
    <TestEntry testId="c351d83e-67b9-45e7-1cd1-ed4d8c2739b5" executionId="2796b7bb-3fb6-4989-b177-3da66af4bcf3" testListId="8c84fa94-04c1-424b-9868-57a2d4851a1d" />
    <TestEntry testId="a4fb0594-ec17-065a-11be-e31aa39c4d15" executionId="b893c645-b52b-40d7-8b6c-71ff908ee3ec" testListId="8c84fa94-04c1-424b-9868-57a2d4851a1d" />
    <TestEntry testId="d07db8ee-8362-5e7a-edf8-2ae2f29cc25a" executionId="130ce4f9-9af0-4684-861a-3074cf5aa5f0" testListId="8c84fa94-04c1-424b-9868-57a2d4851a1d" />
    <TestEntry testId="acca14e5-d93f-9953-2d20-123ae00448d3" executionId="e9823379-7d3f-406c-b198-503bb947a849" testListId="8c84fa94-04c1-424b-9868-57a2d4851a1d" />
    <TestEntry testId="31e43c4f-d250-360c-c9fe-09bd62bcbac2" executionId="962265f0-6c13-4668-bc52-48a0f63cbbe9" testListId="8c84fa94-04c1-424b-9868-57a2d4851a1d" />
    <TestEntry testId="d01c07c0-03ef-2c99-5667-1f47c2e6f67f" executionId="2a512bab-9ca3-481e-ac85-dd805e814187" testListId="8c84fa94-04c1-424b-9868-57a2d4851a1d" />
    <TestEntry testId="58c39187-c4ae-9b22-6b79-0009e34ae0e9" executionId="26518b0e-b00c-41af-8ec2-976a266a0c62" testListId="8c84fa94-04c1-424b-9868-57a2d4851a1d" />
    <TestEntry testId="b456cc36-bcb3-17e2-b8a7-4e2b54c3d68c" executionId="e4a45ce5-91ac-44a3-a2cf-559e37190cc9" testListId="8c84fa94-04c1-424b-9868-57a2d4851a1d" />
    <TestEntry testId="71d76582-4269-a493-da54-918c372017d8" executionId="2136fe95-2432-453a-bac0-f0215b753839" testListId="8c84fa94-04c1-424b-9868-57a2d4851a1d" />
    <TestEntry testId="d1d3c4b8-f927-c7c2-708b-66ef3b89d887" executionId="7e99ccf6-0987-4a59-9c03-edb552d08a27" testListId="8c84fa94-04c1-424b-9868-57a2d4851a1d" />
    <TestEntry testId="1f49ada0-3657-4d77-264a-94aa0e367f22" executionId="3b5e3c08-e113-419a-9868-219af2234c5d" testListId="8c84fa94-04c1-424b-9868-57a2d4851a1d" />
    <TestEntry testId="7995b552-42e5-226f-0376-d41ab66aee31" executionId="cf106a1a-a8c6-4e20-b3f7-1dbe19643ff7" testListId="8c84fa94-04c1-424b-9868-57a2d4851a1d" />
    <TestEntry testId="3614b141-8106-d70f-5421-38bf4941ba74" executionId="086ca5d8-37f3-4a80-8da0-7445c5a306ba" testListId="8c84fa94-04c1-424b-9868-57a2d4851a1d" />
    <TestEntry testId="2a74d28d-6e5a-6d05-b92d-8f34fab31dea" executionId="319b9f58-31f4-44a4-b8c1-7caca3fb6a16" testListId="8c84fa94-04c1-424b-9868-57a2d4851a1d" />
    <TestEntry testId="fcc4f897-1372-6513-6524-409162a9332b" executionId="d4f46def-4821-4f01-a697-c5a7ee864bde" testListId="8c84fa94-04c1-424b-9868-57a2d4851a1d" />
    <TestEntry testId="0cc72ea5-0520-da5e-569a-51488b10be2f" executionId="de967034-b791-45b3-a19a-8bc9bbd995ee" testListId="8c84fa94-04c1-424b-9868-57a2d4851a1d" />
    <TestEntry testId="1b7b0294-486b-eae1-15e0-ec0f48b0dd74" executionId="95babb07-17cd-4f58-be4a-a5748394a5b6" testListId="8c84fa94-04c1-424b-9868-57a2d4851a1d" />
    <TestEntry testId="5161fc8f-7f3b-3dbf-b4e1-c2f8a08c03a9" executionId="c6afc946-38e7-4ac1-92ab-75de818ed3f2" testListId="8c84fa94-04c1-424b-9868-57a2d4851a1d" />
    <TestEntry testId="bfe47639-b20b-9f38-3be3-c01190c10d8d" executionId="0ae12ee1-1375-4896-8075-1e86aa05813b" testListId="8c84fa94-04c1-424b-9868-57a2d4851a1d" />
    <TestEntry testId="6bfa3e81-c279-01ad-0acc-69e587a465df" executionId="e6596cb9-3c88-402a-bf60-e976d0a13bc8" testListId="8c84fa94-04c1-424b-9868-57a2d4851a1d" />
    <TestEntry testId="57d65f84-a432-a53d-245b-178ba4194a81" executionId="1caeda8d-3b44-4532-95d2-4ac52b9e7ca0" testListId="8c84fa94-04c1-424b-9868-57a2d4851a1d" />
    <TestEntry testId="e22edcd7-b419-419c-4494-cb7343a9ec5d" executionId="edf4868a-be2b-4346-9c0a-3d435ce8c321" testListId="8c84fa94-04c1-424b-9868-57a2d4851a1d" />
    <TestEntry testId="1871d352-53f1-2bbb-6bc0-454b9ba9f53c" executionId="37588af7-e863-4c25-b1aa-c4bb7d78b9b2" testListId="8c84fa94-04c1-424b-9868-57a2d4851a1d" />
    <TestEntry testId="3da63fa4-bc9b-3c7b-7591-19afcb7a5248" executionId="6213d099-737f-4aef-aab8-99a11af9380a" testListId="8c84fa94-04c1-424b-9868-57a2d4851a1d" />
    <TestEntry testId="a607e839-088b-c674-40ef-9e007c16c339" executionId="6ae11cff-d023-4fce-8558-4326e1cb3a09" testListId="8c84fa94-04c1-424b-9868-57a2d4851a1d" />
    <TestEntry testId="e359cb06-9dca-f583-80f5-ca2f22f6bc1d" executionId="55b1402a-c537-4642-b6ba-eacd476b2a76" testListId="8c84fa94-04c1-424b-9868-57a2d4851a1d" />
  </TestEntries>
  <TestLists>
    <TestList name="Results Not in a List" id="8c84fa94-04c1-424b-9868-57a2d4851a1d" />
    <TestList name="All Loaded Results" id="19431567-8539-422a-85d7-44ee4e166bda" />
  </TestLists>
  <ResultSummary outcome="Completed">
    <Counters total="396" executed="396" passed="396" failed="0" error="0" timeout="0" aborted="0" inconclusive="0" passedButRunAborted="0" notRunnable="0" notExecuted="0" disconnected="0" warning="0" completed="0" inProgress="0" pending="0" />
    <Output>
      <StdOut>[xUnit.net 00:00:00.01] xUnit.net VSTest Adapter v2.8.2+699d445a1a (64-bit .NET 9.0.14)
[xUnit.net 00:00:00.54]   Discovering: Tests
[xUnit.net 00:00:00.85]   Discovered:  Tests
[xUnit.net 00:00:00.87]   Starting:    Tests
warn: Microsoft.AspNetCore.HttpsPolicy.HttpsRedirectionMiddleware[3]
      Failed to determine the https port for redirect.
warn: Microsoft.AspNetCore.HttpsPolicy.HttpsRedirectionMiddleware[3]
      Failed to determine the https port for redirect.
info: Microsoft.EntityFrameworkCore.Update[30100]
      Saved 1 entities to in-memory store.
info: Microsoft.EntityFrameworkCore.Update[30100]
      Saved 1 entities to in-memory store.
info: Microsoft.EntityFrameworkCore.Update[30100]
      Saved 1 entities to in-memory store.
warn: Microsoft.AspNetCore.HttpsPolicy.HttpsRedirectionMiddleware[3]
      Failed to determine the https port for redirect.
info: Microsoft.EntityFrameworkCore.Update[30100]
      Saved 1 entities to in-memory store.
warn: Microsoft.AspNetCore.HttpsPolicy.HttpsRedirectionMiddleware[3]
      Failed to determine the https port for redirect.
info: Microsoft.EntityFrameworkCore.Update[30100]
      Saved 1 entities to in-memory store.
info: Microsoft.EntityFrameworkCore.Update[30100]
      Saved 1 entities to in-memory store.
info: Microsoft.EntityFrameworkCore.Update[30100]
      Saved 1 entities to in-memory store.
info: Microsoft.EntityFrameworkCore.Update[30100]
      Saved 1 entities to in-memory store.
info: Microsoft.EntityFrameworkCore.Update[30100]
      Saved 1 entities to in-memory store.
info: Microsoft.EntityFrameworkCore.Update[30100]
      Saved 1 entities to in-memory store.
warn: Microsoft.AspNetCore.HttpsPolicy.HttpsRedirectionMiddleware[3]
      Failed to determine the https port for redirect.
warn: Microsoft.AspNetCore.HttpsPolicy.HttpsRedirectionMiddleware[3]
      Failed to determine the https port for redirect.
info: Microsoft.EntityFrameworkCore.Update[30100]
      Saved 1 entities to in-memory store.
warn: Microsoft.AspNetCore.HttpsPolicy.HttpsRedirectionMiddleware[3]
      Failed to determine the https port for redirect.
info: Microsoft.EntityFrameworkCore.Update[30100]
      Saved 1 entities to in-memory store.
info: Microsoft.EntityFrameworkCore.Update[30100]
      Saved 1 entities to in-memory store.
info: Microsoft.EntityFrameworkCore.Update[30100]
      Saved 1 entities to in-memory store.
info: Microsoft.EntityFrameworkCore.Update[30100]
      Saved 3 entities to in-memory store.
info: Microsoft.EntityFrameworkCore.Update[30100]
      Saved 1 entities to in-memory store.
info: Microsoft.EntityFrameworkCore.Update[30100]
      Saved 1 entities to in-memory store.
warn: Microsoft.AspNetCore.HttpsPolicy.HttpsRedirectionMiddleware[3]
      Failed to determine the https port for redirect.
info: Microsoft.EntityFrameworkCore.Update[30100]
      Saved 1 entities to in-memory store.
info: Microsoft.EntityFrameworkCore.Update[30100]
      Saved 1 entities to in-memory store.
info: Microsoft.EntityFrameworkCore.Update[30100]
      Saved 1 entities to in-memory store.
info: Microsoft.EntityFrameworkCore.Update[30100]
      Saved 1 entities to in-memory store.
info: Microsoft.EntityFrameworkCore.Update[30100]
      Saved 1 entities to in-memory store.
info: Microsoft.EntityFrameworkCore.Update[30100]
      Saved 1 entities to in-memory store.
info: Microsoft.EntityFrameworkCore.Update[30100]
      Saved 1 entities to in-memory store.
info: Microsoft.EntityFrameworkCore.Update[30100]
      Saved 1 entities to in-memory store.
info: Microsoft.EntityFrameworkCore.Update[30100]
      Saved 1 entities to in-memory store.
info: Microsoft.EntityFrameworkCore.Update[30100]
      Saved 1 entities to in-memory store.
info: Microsoft.EntityFrameworkCore.Update[30100]
      Saved 1 entities to in-memory store.
info: Microsoft.EntityFrameworkCore.Update[30100]
      Saved 1 entities to in-memory store.
info: Microsoft.EntityFrameworkCore.Update[30100]
      Saved 3 entities to in-memory store.
info: Microsoft.EntityFrameworkCore.Update[30100]
      Saved 1 entities to in-memory store.
info: Microsoft.EntityFrameworkCore.Update[30100]
      Saved 1 entities to in-memory store.
info: Microsoft.EntityFrameworkCore.Update[30100]
      Saved 1 entities to in-memory store.
info: Microsoft.EntityFrameworkCore.Update[30100]
      Saved 1 entities to in-memory store.
info: Microsoft.EntityFrameworkCore.Update[30100]
      Saved 1 entities to in-memory store.
info: Microsoft.EntityFrameworkCore.Update[30100]
      Saved 1 entities to in-memory store.
info: Microsoft.EntityFrameworkCore.Update[30100]
      Saved 1 entities to in-memory store.
info: Microsoft.EntityFrameworkCore.Update[30100]
      Saved 1 entities to in-memory store.
info: Microsoft.EntityFrameworkCore.Update[30100]
      Saved 1 entities to in-memory store.
info: Microsoft.EntityFrameworkCore.Update[30100]
      Saved 1 entities to in-memory store.
info: Microsoft.EntityFrameworkCore.Update[30100]
      Saved 1 entities to in-memory store.
info: Microsoft.EntityFrameworkCore.Update[30100]
      Saved 1 entities to in-memory store.
info: Microsoft.EntityFrameworkCore.Update[30100]
      Saved 1 entities to in-memory store.
info: Microsoft.EntityFrameworkCore.Update[30100]
      Saved 1 entities to in-memory store.
info: Microsoft.EntityFrameworkCore.Update[30100]
      Saved 1 entities to in-memory store.
warn: Microsoft.AspNetCore.HttpsPolicy.HttpsRedirectionMiddleware[3]
      Failed to determine the https port for redirect.
info: Microsoft.EntityFrameworkCore.Update[30100]
      Saved 1 entities to in-memory store.
info: Microsoft.EntityFrameworkCore.Update[30100]
      Saved 1 entities to in-memory store.
warn: Microsoft.AspNetCore.HttpsPolicy.HttpsRedirectionMiddleware[3]
      Failed to determine the https port for redirect.
info: Microsoft.EntityFrameworkCore.Update[30100]
      Saved 1 entities to in-memory store.
warn: Microsoft.AspNetCore.HttpsPolicy.HttpsRedirectionMiddleware[3]
      Failed to determine the https port for redirect.
info: Microsoft.EntityFrameworkCore.Update[30100]
      Saved 1 entities to in-memory store.
info: Microsoft.EntityFrameworkCore.Update[30100]
      Saved 1 entities to in-memory store.
info: Microsoft.EntityFrameworkCore.Update[30100]
      Saved 1 entities to in-memory store.
info: Microsoft.EntityFrameworkCore.Update[30100]
      Saved 1 entities to in-memory store.
warn: Microsoft.AspNetCore.HttpsPolicy.HttpsRedirectionMiddleware[3]
      Failed to determine the https port for redirect.
info: Microsoft.EntityFrameworkCore.Update[30100]
      Saved 1 entities to in-memory store.
info: Microsoft.EntityFrameworkCore.Update[30100]
      Saved 1 entities to in-memory store.
info: Microsoft.EntityFrameworkCore.Update[30100]
      Saved 1 entities to in-memory store.
info: Microsoft.EntityFrameworkCore.Update[30100]
      Saved 1 entities to in-memory store.
info: Microsoft.EntityFrameworkCore.Update[30100]
      Saved 1 entities to in-memory store.
info: Microsoft.EntityFrameworkCore.Update[30100]
      Saved 1 entities to in-memory store.
info: Microsoft.EntityFrameworkCore.Update[30100]
      Saved 1 entities to in-memory store.
info: Microsoft.EntityFrameworkCore.Update[30100]
      Saved 1 entities to in-memory store.
info: Microsoft.EntityFrameworkCore.Update[30100]
      Saved 1 entities to in-memory store.
info: Microsoft.EntityFrameworkCore.Update[30100]
      Saved 1 entities to in-memory store.
info: Microsoft.EntityFrameworkCore.Update[30100]
      Saved 1 entities to in-memory store.
info: Microsoft.EntityFrameworkCore.Update[30100]
      Saved 1 entities to in-memory store.
info: Microsoft.EntityFrameworkCore.Update[30100]
      Saved 1 entities to in-memory store.
info: Microsoft.EntityFrameworkCore.Update[30100]
      Saved 2 entities to in-memory store.
info: Microsoft.EntityFrameworkCore.Update[30100]
      Saved 1 entities to in-memory store.
info: Microsoft.EntityFrameworkCore.Update[30100]
      Saved 1 entities to in-memory store.
info: Microsoft.EntityFrameworkCore.Update[30100]
      Saved 1 entities to in-memory store.
info: Microsoft.EntityFrameworkCore.Update[30100]
      Saved 1 entities to in-memory store.
info: Microsoft.EntityFrameworkCore.Update[30100]
      Saved 1 entities to in-memory store.
info: Microsoft.EntityFrameworkCore.Update[30100]
      Saved 1 entities to in-memory store.
info: Microsoft.EntityFrameworkCore.Update[30100]
      Saved 1 entities to in-memory store.
info: Microsoft.EntityFrameworkCore.Update[30100]
      Saved 1 entities to in-memory store.
info: Microsoft.EntityFrameworkCore.Update[30100]
      Saved 3 entities to in-memory store.
info: Microsoft.EntityFrameworkCore.Update[30100]
      Saved 1 entities to in-memory store.
info: Microsoft.EntityFrameworkCore.Update[30100]
      Saved 1 entities to in-memory store.
info: Microsoft.EntityFrameworkCore.Update[30100]
      Saved 1 entities to in-memory store.
info: Microsoft.EntityFrameworkCore.Update[30100]
      Saved 1 entities to in-memory store.
info: Microsoft.EntityFrameworkCore.Update[30100]
      Saved 1 entities to in-memory store.
info: Microsoft.EntityFrameworkCore.Update[30100]
      Saved 1 entities to in-memory store.
info: Microsoft.EntityFrameworkCore.Update[30100]
      Saved 1 entities to in-memory store.
info: Microsoft.EntityFrameworkCore.Update[30100]
      Saved 1 entities to in-memory store.
info: Microsoft.EntityFrameworkCore.Update[30100]
      Saved 1 entities to in-memory store.
info: Microsoft.EntityFrameworkCore.Update[30100]
      Saved 1 entities to in-memory store.
info: Microsoft.EntityFrameworkCore.Update[30100]
      Saved 1 entities to in-memory store.
info: Microsoft.EntityFrameworkCore.Update[30100]
      Saved 1 entities to in-memory store.
info: Microsoft.EntityFrameworkCore.Update[30100]
      Saved 3 entities to in-memory store.
info: Microsoft.EntityFrameworkCore.Update[30100]
      Saved 1 entities to in-memory store.
info: Microsoft.EntityFrameworkCore.Update[30100]
      Saved 1 entities to in-memory store.
info: Microsoft.EntityFrameworkCore.Update[30100]
      Saved 1 entities to in-memory store.
info: Microsoft.EntityFrameworkCore.Update[30100]
      Saved 1 entities to in-memory store.
info: Microsoft.EntityFrameworkCore.Update[30100]
      Saved 1 entities to in-memory store.
info: Microsoft.EntityFrameworkCore.Update[30100]
      Saved 1 entities to in-memory store.
info: Microsoft.EntityFrameworkCore.Update[30100]
      Saved 1 entities to in-memory store.
info: Microsoft.EntityFrameworkCore.Update[30100]
      Saved 1 entities to in-memory store.
info: Microsoft.EntityFrameworkCore.Update[30100]
      Saved 1 entities to in-memory store.
info: Microsoft.EntityFrameworkCore.Update[30100]
      Saved 1 entities to in-memory store.
info: Microsoft.EntityFrameworkCore.Update[30100]
      Saved 1 entities to in-memory store.
info: Microsoft.EntityFrameworkCore.Update[30100]
      Saved 1 entities to in-memory store.
info: Microsoft.EntityFrameworkCore.Update[30100]
      Saved 1 entities to in-memory store.
[xUnit.net 00:00:21.43]   Finished:    Tests
</StdOut>
    </Output>
  </ResultSummary>
</TestRun>